#
# There is insufficient memory for the Java Runtime Environment to continue.
# Native memory allocation (mmap) failed to map 69206016 bytes for G1 virtual space
# Possible reasons:
#   The system is out of physical RAM or swap space
#   The process is running with CompressedOops enabled, and the Java Heap may be blocking the growth of the native heap
# Possible solutions:
#   Reduce memory load on the system
#   Increase physical memory or swap space
#   Check if swap backing store is full
#   Decrease Java heap size (-Xmx/-Xms)
#   Decrease number of Java threads
#   Decrease Java thread stack sizes (-Xss)
#   Set larger code cache with -XX:ReservedCodeCacheSize=
#   JVM is running with Unscaled Compressed Oops mode in which the Java heap is
#     placed in the first 4GB address space. The Java Heap base address is the
#     maximum limit for the native heap growth. Please use -XX:HeapBaseMinAddress
#     to set the Java Heap base and to place the Java Heap above 4GB virtual address.
# This output file may be truncated or incomplete.
#
#  Out of Memory Error (os_windows.cpp:3600), pid=5840, tid=23232
#
# JRE version: OpenJDK Runtime Environment Temurin-21.0.1+12 (21.0.1+12) (build 21.0.1+12-LTS)
# Java VM: OpenJDK 64-Bit Server VM Temurin-21.0.1+12 (21.0.1+12-LTS, mixed mode, sharing, tiered, compressed oops, compressed class ptrs, g1 gc, windows-amd64)
# No core dump will be written. Minidumps are not enabled by default on client versions of Windows
#

---------------  S U M M A R Y ------------

Command Line: --add-opens=java.base/java.util=ALL-UNNAMED --add-opens=java.base/java.lang=ALL-UNNAMED --add-opens=java.base/java.lang.invoke=ALL-UNNAMED --add-opens=java.prefs/java.util.prefs=ALL-UNNAMED --add-opens=java.base/java.nio.charset=ALL-UNNAMED --add-opens=java.base/java.net=ALL-UNNAMED --add-opens=java.base/java.util.concurrent.atomic=ALL-UNNAMED -Xmx2048m -Dfile.encoding=UTF-8 -Duser.country=IN -Duser.language=en -Duser.variant -javaagent:C:\Users\Pankaj Bind\.gradle\wrapper\dists\gradle-8.2-bin\bbg7u40eoinfdyxsxr3z4i7ta\gradle-8.2\lib\agents\gradle-instrumentation-agent-8.2.jar org.gradle.launcher.daemon.bootstrap.GradleDaemon 8.2

Host: AMD Ryzen 5 4600H with Radeon Graphics         , 12 cores, 7G,  Windows 11 , 64 bit Build 22621 (10.0.22621.2506)
Time: Wed Dec  6 20:21:46 2023 India Standard Time elapsed time: 23.702299 seconds (0d 0h 0m 23s)

---------------  T H R E A D  ---------------

Current thread (0x000001c1d8e43760):  VMThread "VM Thread"          [id=23232, stack(0x0000007fab700000,0x0000007fab800000) (1024K)]

Stack: [0x0000007fab700000,0x0000007fab800000]
Native frames: (J=compiled Java code, j=interpreted, Vv=VM code, C=native code)
V  [jvm.dll+0x6c7789]
V  [jvm.dll+0x8a2011]
V  [jvm.dll+0x8a44ae]
V  [jvm.dll+0x8a4b83]
V  [jvm.dll+0x27f936]
V  [jvm.dll+0x6c3f05]
V  [jvm.dll+0x6b8bfa]
V  [jvm.dll+0x35363a]
V  [jvm.dll+0x35b1e6]
V  [jvm.dll+0x3ac2be]
V  [jvm.dll+0x3ac568]
V  [jvm.dll+0x32787c]
V  [jvm.dll+0x327907]
V  [jvm.dll+0x36b64c]
V  [jvm.dll+0x369e88]
V  [jvm.dll+0x326ff1]
V  [jvm.dll+0x3698b8]
V  [jvm.dll+0x8aa48f]
V  [jvm.dll+0x8ab594]
V  [jvm.dll+0x8abad0]
V  [jvm.dll+0x8abd73]
V  [jvm.dll+0x84af3b]
V  [jvm.dll+0x6c5ebd]
C  [ucrtbase.dll+0x29363]
C  [KERNEL32.DLL+0x1257d]
C  [ntdll.dll+0x5aa58]

VM_Operation (0x0000007facdf5130): G1TryInitiateConcMark, mode: safepoint, requested by thread 0x000001c21fd3b2c0


---------------  P R O C E S S  ---------------

Threads class SMR info:
_java_thread_list=0x000001c221c8d680, length=60, elements={
0x000001c1b9a737a0, 0x000001c1d8e62940, 0x000001c1d8e63760, 0x000001c1d8e683a0,
0x000001c1d8e68f30, 0x000001c1d8e6a9a0, 0x000001c1d8e6b530, 0x000001c1d8e782f0,
0x000001c1d8e9c9e0, 0x000001c21e0bee60, 0x000001c21e1dcb90, 0x000001c21f942750,
0x000001c21f4b5110, 0x000001c21f5bc640, 0x000001c21f5b7f20, 0x000001c21fd3b2c0,
0x000001c21fdda3e0, 0x000001c21fddaa70, 0x000001c21fddb100, 0x000001c21fddcb40,
0x000001c21fddc4b0, 0x000001c222a6de90, 0x000001c222a6d800, 0x000001c222a6f240,
0x000001c222a6e520, 0x000001c222a6ff60, 0x000001c222a70c80, 0x000001c222a6cae0,
0x000001c222a72030, 0x000001c222a6b0a0, 0x000001c222a6d170, 0x000001c222a6bdc0,
0x000001c2226359b0, 0x000001c223c90200, 0x000001c223c8ee50, 0x000001c221179720,
0x000001c231a2ad80, 0x000001c232a10970, 0x000001c231b59900, 0x000001c231b59f90,
0x000001c231b57830, 0x000001c231b57ec0, 0x000001c231b5e130, 0x000001c231b5a620,
0x000001c231b5b9d0, 0x000001c231b5c060, 0x000001c231b5acb0, 0x000001c223c8c060,
0x000001c223c93680, 0x000001c223c8c6f0, 0x000001c223c8daa0, 0x000001c223c8e130,
0x000001c22117c510, 0x000001c22117d230, 0x000001c22117e5e0, 0x000001c221179090,
0x000001c22117ec70, 0x000001c22117f990, 0x000001c2211806b0, 0x000001c222a6ebb0
}

Java Threads: ( => current thread )
  0x000001c1b9a737a0 JavaThread "main"                              [_thread_blocked, id=19540, stack(0x0000007fab000000,0x0000007fab100000) (1024K)]
  0x000001c1d8e62940 JavaThread "Reference Handler"          daemon [_thread_blocked, id=9808, stack(0x0000007fab800000,0x0000007fab900000) (1024K)]
  0x000001c1d8e63760 JavaThread "Finalizer"                  daemon [_thread_blocked, id=21520, stack(0x0000007fab900000,0x0000007faba00000) (1024K)]
  0x000001c1d8e683a0 JavaThread "Signal Dispatcher"          daemon [_thread_blocked, id=27380, stack(0x0000007faba00000,0x0000007fabb00000) (1024K)]
  0x000001c1d8e68f30 JavaThread "Attach Listener"            daemon [_thread_blocked, id=3264, stack(0x0000007fabb00000,0x0000007fabc00000) (1024K)]
  0x000001c1d8e6a9a0 JavaThread "Service Thread"             daemon [_thread_blocked, id=27580, stack(0x0000007fabc00000,0x0000007fabd00000) (1024K)]
  0x000001c1d8e6b530 JavaThread "Monitor Deflation Thread"   daemon [_thread_blocked, id=13340, stack(0x0000007fabd00000,0x0000007fabe00000) (1024K)]
  0x000001c1d8e782f0 JavaThread "C2 CompilerThread0"         daemon [_thread_blocked, id=17020, stack(0x0000007fabe00000,0x0000007fabf00000) (1024K)]
  0x000001c1d8e9c9e0 JavaThread "C1 CompilerThread0"         daemon [_thread_blocked, id=8256, stack(0x0000007fabf00000,0x0000007fac000000) (1024K)]
  0x000001c21e0bee60 JavaThread "Common-Cleaner"             daemon [_thread_blocked, id=15016, stack(0x0000007fac000000,0x0000007fac100000) (1024K)]
  0x000001c21e1dcb90 JavaThread "Notification Thread"        daemon [_thread_blocked, id=14888, stack(0x0000007fac100000,0x0000007fac200000) (1024K)]
  0x000001c21f942750 JavaThread "Daemon health stats"               [_thread_blocked, id=27684, stack(0x0000007fac700000,0x0000007fac800000) (1024K)]
  0x000001c21f4b5110 JavaThread "Incoming local TCP Connector on port 64019"        [_thread_in_native, id=6456, stack(0x0000007fac800000,0x0000007fac900000) (1024K)]
  0x000001c21f5bc640 JavaThread "Daemon periodic checks"            [_thread_blocked, id=17780, stack(0x0000007fac900000,0x0000007faca00000) (1024K)]
  0x000001c21f5b7f20 JavaThread "Daemon"                            [_thread_blocked, id=20356, stack(0x0000007faca00000,0x0000007facb00000) (1024K)]
  0x000001c21fd3b2c0 JavaThread "Daemon worker"                     [_thread_blocked, id=24544, stack(0x0000007facd00000,0x0000007face00000) (1024K)]
  0x000001c21fdda3e0 JavaThread "Cache worker for journal cache (C:\Users\Pankaj Bind\.gradle\caches\journal-1)"        [_thread_blocked, id=9504, stack(0x0000007fad100000,0x0000007fad200000) (1024K)]
  0x000001c21fddaa70 JavaThread "File lock request listener"        [_thread_in_native, id=22892, stack(0x0000007fad200000,0x0000007fad300000) (1024K)]
  0x000001c21fddb100 JavaThread "Cache worker for file hash cache (C:\Users\Pankaj Bind\.gradle\caches\8.2\fileHashes)"        [_thread_blocked, id=21032, stack(0x0000007fad300000,0x0000007fad400000) (1024K)]
  0x000001c21fddcb40 JavaThread "File watcher server"        daemon [_thread_in_native, id=14780, stack(0x0000007fadb00000,0x0000007fadc00000) (1024K)]
  0x000001c21fddc4b0 JavaThread "File watcher consumer"      daemon [_thread_blocked, id=17944, stack(0x0000007fadc00000,0x0000007fadd00000) (1024K)]
  0x000001c222a6de90 JavaThread "jar transforms"                    [_thread_blocked, id=11648, stack(0x0000007fadd00000,0x0000007fade00000) (1024K)]
  0x000001c222a6d800 JavaThread "jar transforms Thread 2"           [_thread_blocked, id=21960, stack(0x0000007fade00000,0x0000007fadf00000) (1024K)]
  0x000001c222a6f240 JavaThread "jar transforms Thread 3"           [_thread_blocked, id=20912, stack(0x0000007fadf00000,0x0000007fae000000) (1024K)]
  0x000001c222a6e520 JavaThread "Cache worker for file content cache (C:\Users\Pankaj Bind\.gradle\caches\8.2\fileContent)"        [_thread_blocked, id=26064, stack(0x0000007fae200000,0x0000007fae300000) (1024K)]
  0x000001c222a6ff60 JavaThread "Cache worker for execution history cache (C:\Users\Pankaj Bind\.gradle\caches\8.2\executionHistory)"        [_thread_blocked, id=20864, stack(0x0000007fae500000,0x0000007fae600000) (1024K)]
  0x000001c222a70c80 JavaThread "jar transforms Thread 4"           [_thread_blocked, id=10900, stack(0x0000007fae600000,0x0000007fae700000) (1024K)]
  0x000001c222a6cae0 JavaThread "jar transforms Thread 5"           [_thread_blocked, id=22196, stack(0x0000007fae700000,0x0000007fae800000) (1024K)]
  0x000001c222a72030 JavaThread "jar transforms Thread 6"           [_thread_blocked, id=26296, stack(0x0000007fae800000,0x0000007fae900000) (1024K)]
  0x000001c222a6b0a0 JavaThread "jar transforms Thread 7"           [_thread_blocked, id=25244, stack(0x0000007fae900000,0x0000007faea00000) (1024K)]
  0x000001c222a6d170 JavaThread "jar transforms Thread 8"           [_thread_blocked, id=18988, stack(0x0000007faea00000,0x0000007faeb00000) (1024K)]
  0x000001c222a6bdc0 JavaThread "jar transforms Thread 9"           [_thread_blocked, id=26896, stack(0x0000007faeb00000,0x0000007faec00000) (1024K)]
  0x000001c2226359b0 JavaThread "Cache worker for kotlin-dsl (C:\Users\Pankaj Bind\.gradle\caches\8.2\kotlin-dsl)"        [_thread_blocked, id=13384, stack(0x0000007faec00000,0x0000007faed00000) (1024K)]
  0x000001c223c90200 JavaThread "jar transforms Thread 10"          [_thread_blocked, id=21068, stack(0x0000007fac200000,0x0000007fac300000) (1024K)]
  0x000001c223c8ee50 JavaThread "jar transforms Thread 11"          [_thread_blocked, id=13492, stack(0x0000007faed00000,0x0000007faee00000) (1024K)]
  0x000001c221179720 JavaThread "jar transforms Thread 12"          [_thread_blocked, id=24044, stack(0x0000007faee00000,0x0000007faef00000) (1024K)]
  0x000001c231a2ad80 JavaThread "Memory manager"                    [_thread_blocked, id=17480, stack(0x0000007fafc00000,0x0000007fafd00000) (1024K)]
  0x000001c232a10970 JavaThread "included builds"                   [_thread_blocked, id=14936, stack(0x0000007fafd00000,0x0000007fafe00000) (1024K)]
  0x000001c231b59900 JavaThread "Handler for socket connection from /127.0.0.1:64019 to /127.0.0.1:64047"        [_thread_in_native, id=27048, stack(0x0000007facb00000,0x0000007facc00000) (1024K)]
  0x000001c231b59f90 JavaThread "Cancel handler"                    [_thread_blocked, id=18320, stack(0x0000007facc00000,0x0000007facd00000) (1024K)]
  0x000001c231b57830 JavaThread "Asynchronous log dispatcher for DefaultDaemonConnection: socket connection from /127.0.0.1:64019 to /127.0.0.1:64047"        [_thread_blocked, id=9376, stack(0x0000007face00000,0x0000007facf00000) (1024K)]
  0x000001c231b57ec0 JavaThread "Stdin handler"                     [_thread_blocked, id=22304, stack(0x0000007facf00000,0x0000007fad000000) (1024K)]
  0x000001c231b5e130 JavaThread "Daemon client event forwarder"        [_thread_blocked, id=17952, stack(0x0000007fad000000,0x0000007fad100000) (1024K)]
  0x000001c231b5a620 JavaThread "Cache worker for checksums cache (F:\Serene\.gradle\8.2\checksums)"        [_thread_blocked, id=22832, stack(0x0000007fae000000,0x0000007fae100000) (1024K)]
  0x000001c231b5b9d0 JavaThread "Cache worker for cache directory md-rule (C:\Users\Pankaj Bind\.gradle\caches\8.2\md-rule)"        [_thread_blocked, id=28272, stack(0x0000007fae100000,0x0000007fae200000) (1024K)]
  0x000001c231b5c060 JavaThread "Cache worker for file hash cache (F:\Serene\.gradle\8.2\fileHashes)"        [_thread_blocked, id=7660, stack(0x0000007fae300000,0x0000007fae400000) (1024K)]
  0x000001c231b5acb0 JavaThread "Cache worker for cache directory md-supplier (C:\Users\Pankaj Bind\.gradle\caches\8.2\md-supplier)"        [_thread_blocked, id=15148, stack(0x0000007fae400000,0x0000007fae500000) (1024K)]
  0x000001c223c8c060 JavaThread "Cache worker for dependencies-accessors (F:\Serene\.gradle\8.2\dependencies-accessors)"        [_thread_blocked, id=19236, stack(0x0000007faef00000,0x0000007faf000000) (1024K)]
  0x000001c223c93680 JavaThread "Cache worker for Build Output Cleanup Cache (F:\Serene\.gradle\buildOutputCleanup)"        [_thread_blocked, id=26508, stack(0x0000007faf000000,0x0000007faf100000) (1024K)]
  0x000001c223c8c6f0 JavaThread "Unconstrained build operations"        [_thread_blocked, id=25664, stack(0x0000007faf100000,0x0000007faf200000) (1024K)]
  0x000001c223c8daa0 JavaThread "Unconstrained build operations Thread 2"        [_thread_blocked, id=16700, stack(0x0000007faf200000,0x0000007faf300000) (1024K)]
  0x000001c223c8e130 JavaThread "Unconstrained build operations Thread 3"        [_thread_blocked, id=2320, stack(0x0000007faf300000,0x0000007faf400000) (1024K)]
  0x000001c22117c510 JavaThread "Unconstrained build operations Thread 4"        [_thread_blocked, id=932, stack(0x0000007faf400000,0x0000007faf500000) (1024K)]
  0x000001c22117d230 JavaThread "Unconstrained build operations Thread 5"        [_thread_blocked, id=28180, stack(0x0000007faf500000,0x0000007faf600000) (1024K)]
  0x000001c22117e5e0 JavaThread "Unconstrained build operations Thread 6"        [_thread_blocked, id=10936, stack(0x0000007faf600000,0x0000007faf700000) (1024K)]
  0x000001c221179090 JavaThread "Unconstrained build operations Thread 7"        [_thread_blocked, id=27340, stack(0x0000007faf700000,0x0000007faf800000) (1024K)]
  0x000001c22117ec70 JavaThread "Unconstrained build operations Thread 8"        [_thread_blocked, id=21372, stack(0x0000007faf800000,0x0000007faf900000) (1024K)]
  0x000001c22117f990 JavaThread "Unconstrained build operations Thread 9"        [_thread_blocked, id=19240, stack(0x0000007faf900000,0x0000007fafa00000) (1024K)]
  0x000001c2211806b0 JavaThread "Unconstrained build operations Thread 10"        [_thread_blocked, id=23608, stack(0x0000007fafa00000,0x0000007fafb00000) (1024K)]
  0x000001c222a6ebb0 JavaThread "Unconstrained build operations Thread 11"        [_thread_blocked, id=15592, stack(0x0000007fafb00000,0x0000007fafc00000) (1024K)]
Total: 60

Other Threads:
=>0x000001c1d8e43760 VMThread "VM Thread"                           [id=23232, stack(0x0000007fab700000,0x0000007fab800000) (1024K)]
  0x000001c1d8e2de20 WatcherThread "VM Periodic Task Thread"        [id=24864, stack(0x0000007fab600000,0x0000007fab700000) (1024K)]
  0x000001c1bbe4dd90 WorkerThread "GC Thread#0"                     [id=6904, stack(0x0000007fab100000,0x0000007fab200000) (1024K)]
  0x000001c21ed7e1b0 WorkerThread "GC Thread#1"                     [id=9696, stack(0x0000007fac300000,0x0000007fac400000) (1024K)]
  0x000001c21eb5be10 WorkerThread "GC Thread#2"                     [id=22576, stack(0x0000007fac400000,0x0000007fac500000) (1024K)]
  0x000001c21ec094e0 WorkerThread "GC Thread#3"                     [id=23168, stack(0x0000007fac500000,0x0000007fac600000) (1024K)]
  0x000001c21ec2aa80 WorkerThread "GC Thread#4"                     [id=28444, stack(0x0000007fac600000,0x0000007fac700000) (1024K)]
  0x000001c2201ff6e0 WorkerThread "GC Thread#5"                     [id=6752, stack(0x0000007fad400000,0x0000007fad500000) (1024K)]
  0x000001c22139dd10 WorkerThread "GC Thread#6"                     [id=28220, stack(0x0000007fad500000,0x0000007fad600000) (1024K)]
  0x000001c221448670 WorkerThread "GC Thread#7"                     [id=26784, stack(0x0000007fad600000,0x0000007fad700000) (1024K)]
  0x000001c21ff312a0 WorkerThread "GC Thread#8"                     [id=6404, stack(0x0000007fad700000,0x0000007fad800000) (1024K)]
  0x000001c21ff31640 WorkerThread "GC Thread#9"                     [id=20980, stack(0x0000007fad800000,0x0000007fad900000) (1024K)]
  0x000001c1bbe5ee30 ConcurrentGCThread "G1 Main Marker"            [id=25480, stack(0x0000007fab200000,0x0000007fab300000) (1024K)]
  0x000001c1bbe5f840 WorkerThread "G1 Conc#0"                       [id=26688, stack(0x0000007fab300000,0x0000007fab400000) (1024K)]
  0x000001c21ff319e0 WorkerThread "G1 Conc#1"                       [id=8020, stack(0x0000007fad900000,0x0000007fada00000) (1024K)]
  0x000001c21ff31d80 WorkerThread "G1 Conc#2"                       [id=13040, stack(0x0000007fada00000,0x0000007fadb00000) (1024K)]
  0x000001c1d8d04500 ConcurrentGCThread "G1 Refine#0"               [id=21448, stack(0x0000007fab400000,0x0000007fab500000) (1024K)]
  0x000001c1bbebcec0 ConcurrentGCThread "G1 Service"                [id=7716, stack(0x0000007fab500000,0x0000007fab600000) (1024K)]
Total: 18

Threads with active compile tasks:
C2 CompilerThread0    23719 18075       4       org.jetbrains.org.objectweb.asm.ClassReader::readModuleAttributes (551 bytes)
Total: 1

VM state: at safepoint (normal execution)

VM Mutex/Monitor currently owned by a thread:  ([mutex/lock_event])
[0x00007ffeae841a28] Threads_lock - owner thread: 0x000001c1d8e43760
[0x00007ffeae841b28] Heap_lock - owner thread: 0x000001c21fd3b2c0

Heap address: 0x0000000080000000, size: 2048 MB, Compressed Oops mode: 32-bit

CDS archive(s) mapped at: [0x000001c1d9000000-0x000001c1d9c90000-0x000001c1d9c90000), size 13172736, SharedBaseAddress: 0x000001c1d9000000, ArchiveRelocationMode: 1.
Compressed class space mapped at: 0x000001c1da000000-0x000001c21a000000, reserved size: 1073741824
Narrow klass base: 0x000001c1d9000000, Narrow klass shift: 0, Narrow klass range: 0x100000000

GC Precious Log:
 CardTable entry size: 512
 Card Set container configuration: InlinePtr #cards 5 size 8 Array Of Cards #cards 12 size 40 Howl #buckets 4 coarsen threshold 1843 Howl Bitmap #cards 512 size 80 coarsen threshold 460 Card regions per heap region 1 cards per card region 2048
 CPUs: 12 total, 12 available
 Memory: 7597M
 Large Page Support: Disabled
 NUMA Support: Disabled
 Compressed Oops: Enabled (32-bit)
 Heap Region Size: 1M
 Heap Min Capacity: 8M
 Heap Initial Capacity: 120M
 Heap Max Capacity: 2G
 Pre-touch: Disabled
 Parallel Workers: 10
 Concurrent Workers: 3
 Concurrent Refinement Workers: 10
 Periodic GC: Disabled

Heap:
 garbage-first heap   total 270336K, used 160301K [0x0000000080000000, 0x0000000100000000)
  region size 1024K, 2 young (2048K), 2 survivors (2048K)
 Metaspace       used 151407K, committed 153984K, reserved 1245184K
  class space    used 19862K, committed 21120K, reserved 1048576K

Heap Regions: E=young(eden), S=young(survivor), O=old, HS=humongous(starts), HC=humongous(continues), CS=collection set, F=free, TAMS=top-at-mark-start, PB=parsable bottom
|   0|0x0000000080000000, 0x0000000080100000, 0x0000000080100000|100%|HS|  |TAMS 0x0000000080100000| PB 0x0000000080000000| Complete 
|   1|0x0000000080100000, 0x0000000080200000, 0x0000000080200000|100%|HC|  |TAMS 0x0000000080200000| PB 0x0000000080100000| Complete 
|   2|0x0000000080200000, 0x0000000080300000, 0x0000000080300000|100%|HC|  |TAMS 0x0000000080300000| PB 0x0000000080200000| Complete 
|   3|0x0000000080300000, 0x0000000080400000, 0x0000000080400000|100%|HC|  |TAMS 0x0000000080400000| PB 0x0000000080300000| Complete 
|   4|0x0000000080400000, 0x0000000080500000, 0x0000000080500000|100%| O|  |TAMS 0x0000000080500000| PB 0x0000000080400000| Untracked 
|   5|0x0000000080500000, 0x0000000080600000, 0x0000000080600000|100%| O|  |TAMS 0x0000000080600000| PB 0x0000000080500000| Untracked 
|   6|0x0000000080600000, 0x0000000080700000, 0x0000000080700000|100%| O|  |TAMS 0x0000000080700000| PB 0x0000000080600000| Untracked 
|   7|0x0000000080700000, 0x0000000080800000, 0x0000000080800000|100%| O|  |TAMS 0x0000000080800000| PB 0x0000000080700000| Untracked 
|   8|0x0000000080800000, 0x0000000080900000, 0x0000000080900000|100%| O|  |TAMS 0x0000000080900000| PB 0x0000000080800000| Untracked 
|   9|0x0000000080900000, 0x0000000080a00000, 0x0000000080a00000|100%| O|  |TAMS 0x0000000080a00000| PB 0x0000000080900000| Untracked 
|  10|0x0000000080a00000, 0x0000000080b00000, 0x0000000080b00000|100%| O|  |TAMS 0x0000000080b00000| PB 0x0000000080a00000| Untracked 
|  11|0x0000000080b00000, 0x0000000080c00000, 0x0000000080c00000|100%| O|  |TAMS 0x0000000080c00000| PB 0x0000000080b00000| Untracked 
|  12|0x0000000080c00000, 0x0000000080d00000, 0x0000000080d00000|100%| O|  |TAMS 0x0000000080d00000| PB 0x0000000080c00000| Untracked 
|  13|0x0000000080d00000, 0x0000000080e00000, 0x0000000080e00000|100%| O|  |TAMS 0x0000000080e00000| PB 0x0000000080d00000| Untracked 
|  14|0x0000000080e00000, 0x0000000080f00000, 0x0000000080f00000|100%| O|  |TAMS 0x0000000080f00000| PB 0x0000000080e00000| Untracked 
|  15|0x0000000080f00000, 0x0000000081000000, 0x0000000081000000|100%| O|  |TAMS 0x0000000081000000| PB 0x0000000080f00000| Untracked 
|  16|0x0000000081000000, 0x0000000081100000, 0x0000000081100000|100%| O|  |TAMS 0x0000000081100000| PB 0x0000000081000000| Untracked 
|  17|0x0000000081100000, 0x0000000081200000, 0x0000000081200000|100%| O|  |TAMS 0x0000000081200000| PB 0x0000000081100000| Untracked 
|  18|0x0000000081200000, 0x0000000081300000, 0x0000000081300000|100%| O|  |TAMS 0x0000000081300000| PB 0x0000000081200000| Untracked 
|  19|0x0000000081300000, 0x0000000081400000, 0x0000000081400000|100%| O|  |TAMS 0x0000000081400000| PB 0x0000000081300000| Untracked 
|  20|0x0000000081400000, 0x0000000081500000, 0x0000000081500000|100%| O|  |TAMS 0x0000000081500000| PB 0x0000000081400000| Untracked 
|  21|0x0000000081500000, 0x0000000081600000, 0x0000000081600000|100%| O|  |TAMS 0x0000000081600000| PB 0x0000000081500000| Untracked 
|  22|0x0000000081600000, 0x0000000081700000, 0x0000000081700000|100%| O|  |TAMS 0x0000000081700000| PB 0x0000000081600000| Untracked 
|  23|0x0000000081700000, 0x0000000081800000, 0x0000000081800000|100%| O|  |TAMS 0x0000000081800000| PB 0x0000000081700000| Untracked 
|  24|0x0000000081800000, 0x0000000081900000, 0x0000000081900000|100%| O|  |TAMS 0x0000000081900000| PB 0x0000000081800000| Untracked 
|  25|0x0000000081900000, 0x0000000081a00000, 0x0000000081a00000|100%| O|  |TAMS 0x0000000081a00000| PB 0x0000000081900000| Untracked 
|  26|0x0000000081a00000, 0x0000000081b00000, 0x0000000081b00000|100%| O|  |TAMS 0x0000000081b00000| PB 0x0000000081a00000| Untracked 
|  27|0x0000000081b00000, 0x0000000081c00000, 0x0000000081c00000|100%| O|  |TAMS 0x0000000081c00000| PB 0x0000000081b00000| Untracked 
|  28|0x0000000081c00000, 0x0000000081d00000, 0x0000000081d00000|100%|HS|  |TAMS 0x0000000081d00000| PB 0x0000000081c00000| Complete 
|  29|0x0000000081d00000, 0x0000000081e00000, 0x0000000081e00000|100%| O|  |TAMS 0x0000000081e00000| PB 0x0000000081d00000| Untracked 
|  30|0x0000000081e00000, 0x0000000081f00000, 0x0000000081f00000|100%| O|  |TAMS 0x0000000081f00000| PB 0x0000000081e00000| Untracked 
|  31|0x0000000081f00000, 0x0000000082000000, 0x0000000082000000|100%| O|  |TAMS 0x0000000082000000| PB 0x0000000081f00000| Untracked 
|  32|0x0000000082000000, 0x0000000082100000, 0x0000000082100000|100%| O|  |TAMS 0x0000000082100000| PB 0x0000000082000000| Untracked 
|  33|0x0000000082100000, 0x0000000082200000, 0x0000000082200000|100%| O|  |TAMS 0x0000000082200000| PB 0x0000000082100000| Untracked 
|  34|0x0000000082200000, 0x0000000082300000, 0x0000000082300000|100%| O|  |TAMS 0x0000000082300000| PB 0x0000000082200000| Untracked 
|  35|0x0000000082300000, 0x0000000082400000, 0x0000000082400000|100%|HS|  |TAMS 0x0000000082400000| PB 0x0000000082300000| Complete 
|  36|0x0000000082400000, 0x0000000082500000, 0x0000000082500000|100%|HC|  |TAMS 0x0000000082500000| PB 0x0000000082400000| Complete 
|  37|0x0000000082500000, 0x0000000082600000, 0x0000000082600000|100%|HC|  |TAMS 0x0000000082600000| PB 0x0000000082500000| Complete 
|  38|0x0000000082600000, 0x0000000082700000, 0x0000000082700000|100%|HC|  |TAMS 0x0000000082700000| PB 0x0000000082600000| Complete 
|  39|0x0000000082700000, 0x0000000082800000, 0x0000000082800000|100%| O|  |TAMS 0x0000000082800000| PB 0x0000000082700000| Untracked 
|  40|0x0000000082800000, 0x0000000082900000, 0x0000000082900000|100%| O|  |TAMS 0x0000000082900000| PB 0x0000000082800000| Untracked 
|  41|0x0000000082900000, 0x0000000082a00000, 0x0000000082a00000|100%| O|  |TAMS 0x0000000082a00000| PB 0x0000000082900000| Untracked 
|  42|0x0000000082a00000, 0x0000000082b00000, 0x0000000082b00000|100%| O|  |TAMS 0x0000000082a00000| PB 0x0000000082a00000| Untracked 
|  43|0x0000000082b00000, 0x0000000082c00000, 0x0000000082c00000|100%| O|  |TAMS 0x0000000082c00000| PB 0x0000000082b00000| Untracked 
|  44|0x0000000082c00000, 0x0000000082d00000, 0x0000000082d00000|100%| O|  |TAMS 0x0000000082d00000| PB 0x0000000082c00000| Untracked 
|  45|0x0000000082d00000, 0x0000000082e00000, 0x0000000082e00000|100%| O|  |TAMS 0x0000000082e00000| PB 0x0000000082d00000| Untracked 
|  46|0x0000000082e00000, 0x0000000082f00000, 0x0000000082f00000|100%| O|  |TAMS 0x0000000082f00000| PB 0x0000000082e00000| Untracked 
|  47|0x0000000082f00000, 0x0000000083000000, 0x0000000083000000|100%| O|  |TAMS 0x0000000083000000| PB 0x0000000082f00000| Untracked 
|  48|0x0000000083000000, 0x0000000083100000, 0x0000000083100000|100%| O|  |TAMS 0x0000000083100000| PB 0x0000000083000000| Untracked 
|  49|0x0000000083100000, 0x0000000083200000, 0x0000000083200000|100%| O|  |TAMS 0x0000000083200000| PB 0x0000000083100000| Untracked 
|  50|0x0000000083200000, 0x0000000083300000, 0x0000000083300000|100%| O|  |TAMS 0x0000000083300000| PB 0x0000000083200000| Untracked 
|  51|0x0000000083300000, 0x0000000083400000, 0x0000000083400000|100%| O|  |TAMS 0x0000000083400000| PB 0x0000000083300000| Untracked 
|  52|0x0000000083400000, 0x0000000083500000, 0x0000000083500000|100%| O|  |TAMS 0x0000000083500000| PB 0x0000000083400000| Untracked 
|  53|0x0000000083500000, 0x0000000083600000, 0x0000000083600000|100%| O|  |TAMS 0x0000000083600000| PB 0x0000000083500000| Untracked 
|  54|0x0000000083600000, 0x0000000083700000, 0x0000000083700000|100%| O|  |TAMS 0x0000000083700000| PB 0x0000000083600000| Untracked 
|  55|0x0000000083700000, 0x0000000083800000, 0x0000000083800000|100%| O|  |TAMS 0x0000000083800000| PB 0x0000000083700000| Untracked 
|  56|0x0000000083800000, 0x0000000083900000, 0x0000000083900000|100%| O|  |TAMS 0x0000000083900000| PB 0x0000000083800000| Untracked 
|  57|0x0000000083900000, 0x0000000083a00000, 0x0000000083a00000|100%| O|  |TAMS 0x0000000083a00000| PB 0x0000000083900000| Untracked 
|  58|0x0000000083a00000, 0x0000000083b00000, 0x0000000083b00000|100%| O|  |TAMS 0x0000000083b00000| PB 0x0000000083a00000| Untracked 
|  59|0x0000000083b00000, 0x0000000083c00000, 0x0000000083c00000|100%| O|  |TAMS 0x0000000083c00000| PB 0x0000000083b00000| Untracked 
|  60|0x0000000083c00000, 0x0000000083d00000, 0x0000000083d00000|100%| O|  |TAMS 0x0000000083d00000| PB 0x0000000083c00000| Untracked 
|  61|0x0000000083d00000, 0x0000000083e00000, 0x0000000083e00000|100%| O|  |TAMS 0x0000000083d00000| PB 0x0000000083d00000| Untracked 
|  62|0x0000000083e00000, 0x0000000083f00000, 0x0000000083f00000|100%| O|  |TAMS 0x0000000083f00000| PB 0x0000000083e00000| Untracked 
|  63|0x0000000083f00000, 0x0000000084000000, 0x0000000084000000|100%| O|  |TAMS 0x0000000084000000| PB 0x0000000083f00000| Untracked 
|  64|0x0000000084000000, 0x0000000084100000, 0x0000000084100000|100%| O|  |TAMS 0x0000000084100000| PB 0x0000000084000000| Untracked 
|  65|0x0000000084100000, 0x0000000084200000, 0x0000000084200000|100%| O|  |TAMS 0x0000000084100000| PB 0x0000000084100000| Untracked 
|  66|0x0000000084200000, 0x0000000084300000, 0x0000000084300000|100%| O|  |TAMS 0x0000000084200000| PB 0x0000000084200000| Untracked 
|  67|0x0000000084300000, 0x0000000084400000, 0x0000000084400000|100%| O|  |TAMS 0x0000000084300000| PB 0x0000000084300000| Untracked 
|  68|0x0000000084400000, 0x0000000084500000, 0x0000000084500000|100%| O|  |TAMS 0x0000000084500000| PB 0x0000000084400000| Untracked 
|  69|0x0000000084500000, 0x0000000084600000, 0x0000000084600000|100%| O|  |TAMS 0x0000000084600000| PB 0x0000000084500000| Untracked 
|  70|0x0000000084600000, 0x0000000084700000, 0x0000000084700000|100%| O|  |TAMS 0x0000000084600000| PB 0x0000000084600000| Untracked 
|  71|0x0000000084700000, 0x0000000084800000, 0x0000000084800000|100%| O|  |TAMS 0x0000000084800000| PB 0x0000000084700000| Untracked 
|  72|0x0000000084800000, 0x0000000084900000, 0x0000000084900000|100%| O|  |TAMS 0x0000000084900000| PB 0x0000000084800000| Untracked 
|  73|0x0000000084900000, 0x0000000084a00000, 0x0000000084a00000|100%| O|  |TAMS 0x0000000084a00000| PB 0x0000000084900000| Untracked 
|  74|0x0000000084a00000, 0x0000000084b00000, 0x0000000084b00000|100%| O|  |TAMS 0x0000000084b00000| PB 0x0000000084a00000| Untracked 
|  75|0x0000000084b00000, 0x0000000084c00000, 0x0000000084c00000|100%| O|  |TAMS 0x0000000084c00000| PB 0x0000000084b00000| Untracked 
|  76|0x0000000084c00000, 0x0000000084d00000, 0x0000000084d00000|100%| O|  |TAMS 0x0000000084d00000| PB 0x0000000084c00000| Untracked 
|  77|0x0000000084d00000, 0x0000000084e00000, 0x0000000084e00000|100%|HS|  |TAMS 0x0000000084e00000| PB 0x0000000084d00000| Complete 
|  78|0x0000000084e00000, 0x0000000084f00000, 0x0000000084f00000|100%|HS|  |TAMS 0x0000000084f00000| PB 0x0000000084e00000| Complete 
|  79|0x0000000084f00000, 0x0000000085000000, 0x0000000085000000|100%| O|  |TAMS 0x0000000085000000| PB 0x0000000084f00000| Untracked 
|  80|0x0000000085000000, 0x0000000085100000, 0x0000000085100000|100%|HS|  |TAMS 0x0000000085100000| PB 0x0000000085000000| Complete 
|  81|0x0000000085100000, 0x0000000085200000, 0x0000000085200000|100%|HS|  |TAMS 0x0000000085200000| PB 0x0000000085100000| Complete 
|  82|0x0000000085200000, 0x0000000085300000, 0x0000000085300000|100%| O|  |TAMS 0x0000000085300000| PB 0x0000000085200000| Untracked 
|  83|0x0000000085300000, 0x0000000085400000, 0x0000000085400000|100%|HS|  |TAMS 0x0000000085400000| PB 0x0000000085300000| Complete 
|  84|0x0000000085400000, 0x0000000085500000, 0x0000000085500000|100%| O|  |TAMS 0x0000000085500000| PB 0x0000000085400000| Untracked 
|  85|0x0000000085500000, 0x0000000085600000, 0x0000000085600000|100%| O|  |TAMS 0x0000000085600000| PB 0x0000000085500000| Untracked 
|  86|0x0000000085600000, 0x0000000085700000, 0x0000000085700000|100%| O|  |TAMS 0x0000000085700000| PB 0x0000000085600000| Untracked 
|  87|0x0000000085700000, 0x0000000085800000, 0x0000000085800000|100%| O|  |TAMS 0x0000000085800000| PB 0x0000000085700000| Untracked 
|  88|0x0000000085800000, 0x0000000085900000, 0x0000000085900000|100%| O|  |TAMS 0x0000000085900000| PB 0x0000000085800000| Untracked 
|  89|0x0000000085900000, 0x0000000085a00000, 0x0000000085a00000|100%| O|  |TAMS 0x0000000085a00000| PB 0x0000000085900000| Untracked 
|  90|0x0000000085a00000, 0x0000000085b00000, 0x0000000085b00000|100%| O|  |TAMS 0x0000000085b00000| PB 0x0000000085a00000| Untracked 
|  91|0x0000000085b00000, 0x0000000085c00000, 0x0000000085c00000|100%| O|  |TAMS 0x0000000085c00000| PB 0x0000000085b00000| Untracked 
|  92|0x0000000085c00000, 0x0000000085d00000, 0x0000000085d00000|100%| O|  |TAMS 0x0000000085d00000| PB 0x0000000085c00000| Untracked 
|  93|0x0000000085d00000, 0x0000000085e00000, 0x0000000085e00000|100%| O|  |TAMS 0x0000000085e00000| PB 0x0000000085d00000| Untracked 
|  94|0x0000000085e00000, 0x0000000085f00000, 0x0000000085f00000|100%| O|  |TAMS 0x0000000085f00000| PB 0x0000000085e00000| Untracked 
|  95|0x0000000085f00000, 0x0000000086000000, 0x0000000086000000|100%| O|  |TAMS 0x0000000086000000| PB 0x0000000085f00000| Untracked 
|  96|0x0000000086000000, 0x0000000086100000, 0x0000000086100000|100%| O|  |TAMS 0x0000000086000000| PB 0x0000000086000000| Untracked 
|  97|0x0000000086100000, 0x0000000086200000, 0x0000000086200000|100%| O|  |TAMS 0x0000000086200000| PB 0x0000000086100000| Untracked 
|  98|0x0000000086200000, 0x0000000086300000, 0x0000000086300000|100%| O|  |TAMS 0x0000000086200000| PB 0x0000000086200000| Untracked 
|  99|0x0000000086300000, 0x0000000086400000, 0x0000000086400000|100%| O|  |TAMS 0x0000000086300000| PB 0x0000000086300000| Untracked 
| 100|0x0000000086400000, 0x0000000086500000, 0x0000000086500000|100%| O|  |TAMS 0x0000000086400000| PB 0x0000000086400000| Untracked 
| 101|0x0000000086500000, 0x0000000086600000, 0x0000000086600000|100%| O|  |TAMS 0x0000000086600000| PB 0x0000000086500000| Untracked 
| 102|0x0000000086600000, 0x0000000086700000, 0x0000000086700000|100%| O|  |TAMS 0x0000000086700000| PB 0x0000000086600000| Untracked 
| 103|0x0000000086700000, 0x0000000086800000, 0x0000000086800000|100%| O|  |TAMS 0x0000000086800000| PB 0x0000000086700000| Untracked 
| 104|0x0000000086800000, 0x0000000086900000, 0x0000000086900000|100%| O|  |TAMS 0x0000000086800000| PB 0x0000000086800000| Untracked 
| 105|0x0000000086900000, 0x0000000086a00000, 0x0000000086a00000|100%| O|  |TAMS 0x0000000086900000| PB 0x0000000086900000| Untracked 
| 106|0x0000000086a00000, 0x0000000086b00000, 0x0000000086b00000|100%| O|  |TAMS 0x0000000086b00000| PB 0x0000000086a00000| Untracked 
| 107|0x0000000086b00000, 0x0000000086c00000, 0x0000000086c00000|100%| O|  |TAMS 0x0000000086c00000| PB 0x0000000086b00000| Untracked 
| 108|0x0000000086c00000, 0x0000000086d00000, 0x0000000086d00000|100%| O|  |TAMS 0x0000000086d00000| PB 0x0000000086c00000| Untracked 
| 109|0x0000000086d00000, 0x0000000086e00000, 0x0000000086e00000|100%| O|  |TAMS 0x0000000086e00000| PB 0x0000000086d00000| Untracked 
| 110|0x0000000086e00000, 0x0000000086f00000, 0x0000000086f00000|100%| O|  |TAMS 0x0000000086f00000| PB 0x0000000086e00000| Untracked 
| 111|0x0000000086f00000, 0x0000000087000000, 0x0000000087000000|100%| O|  |TAMS 0x0000000087000000| PB 0x0000000086f00000| Untracked 
| 112|0x0000000087000000, 0x0000000087100000, 0x0000000087100000|100%| O|  |TAMS 0x0000000087100000| PB 0x0000000087000000| Untracked 
| 113|0x0000000087100000, 0x0000000087200000, 0x0000000087200000|100%| O|  |TAMS 0x0000000087200000| PB 0x0000000087100000| Untracked 
| 114|0x0000000087200000, 0x0000000087300000, 0x0000000087300000|100%| O|  |TAMS 0x0000000087300000| PB 0x0000000087200000| Untracked 
| 115|0x0000000087300000, 0x0000000087400000, 0x0000000087400000|100%| O|  |TAMS 0x0000000087400000| PB 0x0000000087300000| Untracked 
| 116|0x0000000087400000, 0x0000000087500000, 0x0000000087500000|100%| O|  |TAMS 0x0000000087500000| PB 0x0000000087400000| Untracked 
| 117|0x0000000087500000, 0x0000000087600000, 0x0000000087600000|100%| O|  |TAMS 0x0000000087600000| PB 0x0000000087500000| Untracked 
| 118|0x0000000087600000, 0x0000000087700000, 0x0000000087700000|100%| O|  |TAMS 0x0000000087700000| PB 0x0000000087600000| Untracked 
| 119|0x0000000087700000, 0x0000000087800000, 0x0000000087800000|100%| O|  |TAMS 0x0000000087800000| PB 0x0000000087700000| Untracked 
| 120|0x0000000087800000, 0x0000000087900000, 0x0000000087900000|100%| O|  |TAMS 0x0000000087900000| PB 0x0000000087800000| Untracked 
| 121|0x0000000087900000, 0x0000000087a00000, 0x0000000087a00000|100%| O|  |TAMS 0x0000000087a00000| PB 0x0000000087900000| Untracked 
| 122|0x0000000087a00000, 0x0000000087b00000, 0x0000000087b00000|100%| O|  |TAMS 0x0000000087b00000| PB 0x0000000087a00000| Untracked 
| 123|0x0000000087b00000, 0x0000000087c00000, 0x0000000087c00000|100%| O|  |TAMS 0x0000000087b00000| PB 0x0000000087b00000| Untracked 
| 124|0x0000000087c00000, 0x0000000087c00000, 0x0000000087d00000|  0%| F|  |TAMS 0x0000000087c00000| PB 0x0000000087c00000| Untracked 
| 125|0x0000000087d00000, 0x0000000087de11e0, 0x0000000087e00000| 87%| O|  |TAMS 0x0000000087d00000| PB 0x0000000087d00000| Untracked 
| 126|0x0000000087e00000, 0x0000000087e00000, 0x0000000087f00000|  0%| F|  |TAMS 0x0000000087e00000| PB 0x0000000087e00000| Untracked 
| 127|0x0000000087f00000, 0x0000000088000000, 0x0000000088000000|100%| O|  |TAMS 0x0000000088000000| PB 0x0000000087f00000| Untracked 
| 128|0x0000000088000000, 0x0000000088100000, 0x0000000088100000|100%|HS|  |TAMS 0x0000000088100000| PB 0x0000000088000000| Complete 
| 129|0x0000000088100000, 0x0000000088200000, 0x0000000088200000|100%|HC|  |TAMS 0x0000000088200000| PB 0x0000000088100000| Complete 
| 130|0x0000000088200000, 0x0000000088300000, 0x0000000088300000|100%|HC|  |TAMS 0x0000000088300000| PB 0x0000000088200000| Complete 
| 131|0x0000000088300000, 0x0000000088400000, 0x0000000088400000|100%|HC|  |TAMS 0x0000000088400000| PB 0x0000000088300000| Complete 
| 132|0x0000000088400000, 0x0000000088400000, 0x0000000088500000|  0%| F|  |TAMS 0x0000000088400000| PB 0x0000000088400000| Untracked 
| 133|0x0000000088500000, 0x0000000088500000, 0x0000000088600000|  0%| F|  |TAMS 0x0000000088500000| PB 0x0000000088500000| Untracked 
| 134|0x0000000088600000, 0x0000000088600000, 0x0000000088700000|  0%| F|  |TAMS 0x0000000088600000| PB 0x0000000088600000| Untracked 
| 135|0x0000000088700000, 0x0000000088700000, 0x0000000088800000|  0%| F|  |TAMS 0x0000000088700000| PB 0x0000000088700000| Untracked 
| 136|0x0000000088800000, 0x0000000088800000, 0x0000000088900000|  0%| F|  |TAMS 0x0000000088800000| PB 0x0000000088800000| Untracked 
| 137|0x0000000088900000, 0x0000000088900000, 0x0000000088a00000|  0%| F|  |TAMS 0x0000000088900000| PB 0x0000000088900000| Untracked 
| 138|0x0000000088a00000, 0x0000000088a00000, 0x0000000088b00000|  0%| F|  |TAMS 0x0000000088a00000| PB 0x0000000088a00000| Untracked 
| 139|0x0000000088b00000, 0x0000000088b00000, 0x0000000088c00000|  0%| F|  |TAMS 0x0000000088b00000| PB 0x0000000088b00000| Untracked 
| 140|0x0000000088c00000, 0x0000000088c00000, 0x0000000088d00000|  0%| F|  |TAMS 0x0000000088c00000| PB 0x0000000088c00000| Untracked 
| 141|0x0000000088d00000, 0x0000000088d00000, 0x0000000088e00000|  0%| F|  |TAMS 0x0000000088d00000| PB 0x0000000088d00000| Untracked 
| 142|0x0000000088e00000, 0x0000000088e00000, 0x0000000088f00000|  0%| F|  |TAMS 0x0000000088e00000| PB 0x0000000088e00000| Untracked 
| 143|0x0000000088f00000, 0x0000000088f00000, 0x0000000089000000|  0%| F|  |TAMS 0x0000000088f00000| PB 0x0000000088f00000| Untracked 
| 144|0x0000000089000000, 0x0000000089000000, 0x0000000089100000|  0%| F|  |TAMS 0x0000000089000000| PB 0x0000000089000000| Untracked 
| 145|0x0000000089100000, 0x0000000089100000, 0x0000000089200000|  0%| F|  |TAMS 0x0000000089100000| PB 0x0000000089100000| Untracked 
| 146|0x0000000089200000, 0x0000000089200000, 0x0000000089300000|  0%| F|  |TAMS 0x0000000089200000| PB 0x0000000089200000| Untracked 
| 147|0x0000000089300000, 0x0000000089300000, 0x0000000089400000|  0%| F|  |TAMS 0x0000000089300000| PB 0x0000000089300000| Untracked 
| 148|0x0000000089400000, 0x0000000089400000, 0x0000000089500000|  0%| F|  |TAMS 0x0000000089400000| PB 0x0000000089400000| Untracked 
| 149|0x0000000089500000, 0x0000000089500000, 0x0000000089600000|  0%| F|  |TAMS 0x0000000089500000| PB 0x0000000089500000| Untracked 
| 150|0x0000000089600000, 0x0000000089600000, 0x0000000089700000|  0%| F|  |TAMS 0x0000000089600000| PB 0x0000000089600000| Untracked 
| 151|0x0000000089700000, 0x0000000089700000, 0x0000000089800000|  0%| F|  |TAMS 0x0000000089700000| PB 0x0000000089700000| Untracked 
| 152|0x0000000089800000, 0x0000000089800000, 0x0000000089900000|  0%| F|  |TAMS 0x0000000089800000| PB 0x0000000089800000| Untracked 
| 153|0x0000000089900000, 0x0000000089900000, 0x0000000089a00000|  0%| F|  |TAMS 0x0000000089900000| PB 0x0000000089900000| Untracked 
| 154|0x0000000089a00000, 0x0000000089a00000, 0x0000000089b00000|  0%| F|  |TAMS 0x0000000089a00000| PB 0x0000000089a00000| Untracked 
| 155|0x0000000089b00000, 0x0000000089b00000, 0x0000000089c00000|  0%| F|  |TAMS 0x0000000089b00000| PB 0x0000000089b00000| Untracked 
| 156|0x0000000089c00000, 0x0000000089c00000, 0x0000000089d00000|  0%| F|  |TAMS 0x0000000089c00000| PB 0x0000000089c00000| Untracked 
| 157|0x0000000089d00000, 0x0000000089d00000, 0x0000000089e00000|  0%| F|  |TAMS 0x0000000089d00000| PB 0x0000000089d00000| Untracked 
| 158|0x0000000089e00000, 0x0000000089e00000, 0x0000000089f00000|  0%| F|  |TAMS 0x0000000089e00000| PB 0x0000000089e00000| Untracked 
| 159|0x0000000089f00000, 0x0000000089f00000, 0x000000008a000000|  0%| F|  |TAMS 0x0000000089f00000| PB 0x0000000089f00000| Untracked 
| 160|0x000000008a000000, 0x000000008a000000, 0x000000008a100000|  0%| F|  |TAMS 0x000000008a000000| PB 0x000000008a000000| Untracked 
| 161|0x000000008a100000, 0x000000008a100000, 0x000000008a200000|  0%| F|  |TAMS 0x000000008a100000| PB 0x000000008a100000| Untracked 
| 162|0x000000008a200000, 0x000000008a200000, 0x000000008a300000|  0%| F|  |TAMS 0x000000008a200000| PB 0x000000008a200000| Untracked 
| 163|0x000000008a300000, 0x000000008a300000, 0x000000008a400000|  0%| F|  |TAMS 0x000000008a300000| PB 0x000000008a300000| Untracked 
| 164|0x000000008a400000, 0x000000008a400000, 0x000000008a500000|  0%| F|  |TAMS 0x000000008a400000| PB 0x000000008a400000| Untracked 
| 165|0x000000008a500000, 0x000000008a500000, 0x000000008a600000|  0%| F|  |TAMS 0x000000008a500000| PB 0x000000008a500000| Untracked 
| 166|0x000000008a600000, 0x000000008a600000, 0x000000008a700000|  0%| F|  |TAMS 0x000000008a600000| PB 0x000000008a600000| Untracked 
| 167|0x000000008a700000, 0x000000008a700000, 0x000000008a800000|  0%| F|  |TAMS 0x000000008a700000| PB 0x000000008a700000| Untracked 
| 168|0x000000008a800000, 0x000000008a800000, 0x000000008a900000|  0%| F|  |TAMS 0x000000008a800000| PB 0x000000008a800000| Untracked 
| 169|0x000000008a900000, 0x000000008a900000, 0x000000008aa00000|  0%| F|  |TAMS 0x000000008a900000| PB 0x000000008a900000| Untracked 
| 170|0x000000008aa00000, 0x000000008aa00000, 0x000000008ab00000|  0%| F|  |TAMS 0x000000008aa00000| PB 0x000000008aa00000| Untracked 
| 171|0x000000008ab00000, 0x000000008ab00000, 0x000000008ac00000|  0%| F|  |TAMS 0x000000008ab00000| PB 0x000000008ab00000| Untracked 
| 172|0x000000008ac00000, 0x000000008ac00000, 0x000000008ad00000|  0%| F|  |TAMS 0x000000008ac00000| PB 0x000000008ac00000| Untracked 
| 173|0x000000008ad00000, 0x000000008ad00000, 0x000000008ae00000|  0%| F|  |TAMS 0x000000008ad00000| PB 0x000000008ad00000| Untracked 
| 174|0x000000008ae00000, 0x000000008ae00000, 0x000000008af00000|  0%| F|  |TAMS 0x000000008ae00000| PB 0x000000008ae00000| Untracked 
| 175|0x000000008af00000, 0x000000008af00000, 0x000000008b000000|  0%| F|  |TAMS 0x000000008af00000| PB 0x000000008af00000| Untracked 
| 176|0x000000008b000000, 0x000000008b000000, 0x000000008b100000|  0%| F|  |TAMS 0x000000008b000000| PB 0x000000008b000000| Untracked 
| 177|0x000000008b100000, 0x000000008b100000, 0x000000008b200000|  0%| F|  |TAMS 0x000000008b100000| PB 0x000000008b100000| Untracked 
| 178|0x000000008b200000, 0x000000008b200000, 0x000000008b300000|  0%| F|  |TAMS 0x000000008b200000| PB 0x000000008b200000| Untracked 
| 179|0x000000008b300000, 0x000000008b300000, 0x000000008b400000|  0%| F|  |TAMS 0x000000008b300000| PB 0x000000008b300000| Untracked 
| 180|0x000000008b400000, 0x000000008b400000, 0x000000008b500000|  0%| F|  |TAMS 0x000000008b400000| PB 0x000000008b400000| Untracked 
| 181|0x000000008b500000, 0x000000008b500000, 0x000000008b600000|  0%| F|  |TAMS 0x000000008b500000| PB 0x000000008b500000| Untracked 
| 182|0x000000008b600000, 0x000000008b600000, 0x000000008b700000|  0%| F|  |TAMS 0x000000008b600000| PB 0x000000008b600000| Untracked 
| 183|0x000000008b700000, 0x000000008b700000, 0x000000008b800000|  0%| F|  |TAMS 0x000000008b700000| PB 0x000000008b700000| Untracked 
| 184|0x000000008b800000, 0x000000008b800000, 0x000000008b900000|  0%| F|  |TAMS 0x000000008b800000| PB 0x000000008b800000| Untracked 
| 185|0x000000008b900000, 0x000000008b900000, 0x000000008ba00000|  0%| F|  |TAMS 0x000000008b900000| PB 0x000000008b900000| Untracked 
| 186|0x000000008ba00000, 0x000000008ba00000, 0x000000008bb00000|  0%| F|  |TAMS 0x000000008ba00000| PB 0x000000008ba00000| Untracked 
| 187|0x000000008bb00000, 0x000000008bb00000, 0x000000008bc00000|  0%| F|  |TAMS 0x000000008bb00000| PB 0x000000008bb00000| Untracked 
| 188|0x000000008bc00000, 0x000000008bc00000, 0x000000008bd00000|  0%| F|  |TAMS 0x000000008bc00000| PB 0x000000008bc00000| Untracked 
| 189|0x000000008bd00000, 0x000000008bd00000, 0x000000008be00000|  0%| F|  |TAMS 0x000000008bd00000| PB 0x000000008bd00000| Untracked 
| 190|0x000000008be00000, 0x000000008be00000, 0x000000008bf00000|  0%| F|  |TAMS 0x000000008be00000| PB 0x000000008be00000| Untracked 
| 191|0x000000008bf00000, 0x000000008bf00000, 0x000000008c000000|  0%| F|  |TAMS 0x000000008bf00000| PB 0x000000008bf00000| Untracked 
| 192|0x000000008c000000, 0x000000008c000000, 0x000000008c100000|  0%| F|  |TAMS 0x000000008c000000| PB 0x000000008c000000| Untracked 
| 193|0x000000008c100000, 0x000000008c100000, 0x000000008c200000|  0%| F|  |TAMS 0x000000008c100000| PB 0x000000008c100000| Untracked 
| 194|0x000000008c200000, 0x000000008c200000, 0x000000008c300000|  0%| F|  |TAMS 0x000000008c200000| PB 0x000000008c200000| Untracked 
| 195|0x000000008c300000, 0x000000008c300000, 0x000000008c400000|  0%| F|  |TAMS 0x000000008c300000| PB 0x000000008c300000| Untracked 
| 196|0x000000008c400000, 0x000000008c400000, 0x000000008c500000|  0%| F|  |TAMS 0x000000008c400000| PB 0x000000008c400000| Untracked 
| 197|0x000000008c500000, 0x000000008c500000, 0x000000008c600000|  0%| F|  |TAMS 0x000000008c500000| PB 0x000000008c500000| Untracked 
| 198|0x000000008c600000, 0x000000008c600000, 0x000000008c700000|  0%| F|  |TAMS 0x000000008c600000| PB 0x000000008c600000| Untracked 
| 199|0x000000008c700000, 0x000000008c700000, 0x000000008c800000|  0%| F|  |TAMS 0x000000008c700000| PB 0x000000008c700000| Untracked 
| 200|0x000000008c800000, 0x000000008c800000, 0x000000008c900000|  0%| F|  |TAMS 0x000000008c800000| PB 0x000000008c800000| Untracked 
| 201|0x000000008c900000, 0x000000008c900000, 0x000000008ca00000|  0%| F|  |TAMS 0x000000008c900000| PB 0x000000008c900000| Untracked 
| 202|0x000000008ca00000, 0x000000008ca00000, 0x000000008cb00000|  0%| F|  |TAMS 0x000000008ca00000| PB 0x000000008ca00000| Untracked 
| 203|0x000000008cb00000, 0x000000008cb00000, 0x000000008cc00000|  0%| F|  |TAMS 0x000000008cb00000| PB 0x000000008cb00000| Untracked 
| 204|0x000000008cc00000, 0x000000008cc00000, 0x000000008cd00000|  0%| F|  |TAMS 0x000000008cc00000| PB 0x000000008cc00000| Untracked 
| 205|0x000000008cd00000, 0x000000008cd00000, 0x000000008ce00000|  0%| F|  |TAMS 0x000000008cd00000| PB 0x000000008cd00000| Untracked 
| 206|0x000000008ce00000, 0x000000008ce00000, 0x000000008cf00000|  0%| F|  |TAMS 0x000000008ce00000| PB 0x000000008ce00000| Untracked 
| 207|0x000000008cf00000, 0x000000008cf00000, 0x000000008d000000|  0%| F|  |TAMS 0x000000008cf00000| PB 0x000000008cf00000| Untracked 
| 208|0x000000008d000000, 0x000000008d000000, 0x000000008d100000|  0%| F|  |TAMS 0x000000008d000000| PB 0x000000008d000000| Untracked 
| 209|0x000000008d100000, 0x000000008d100000, 0x000000008d200000|  0%| F|  |TAMS 0x000000008d100000| PB 0x000000008d100000| Untracked 
| 210|0x000000008d200000, 0x000000008d200000, 0x000000008d300000|  0%| F|  |TAMS 0x000000008d200000| PB 0x000000008d200000| Untracked 
| 211|0x000000008d300000, 0x000000008d300000, 0x000000008d400000|  0%| F|  |TAMS 0x000000008d300000| PB 0x000000008d300000| Untracked 
| 212|0x000000008d400000, 0x000000008d400000, 0x000000008d500000|  0%| F|  |TAMS 0x000000008d400000| PB 0x000000008d400000| Untracked 
| 213|0x000000008d500000, 0x000000008d500000, 0x000000008d600000|  0%| F|  |TAMS 0x000000008d500000| PB 0x000000008d500000| Untracked 
| 214|0x000000008d600000, 0x000000008d600000, 0x000000008d700000|  0%| F|  |TAMS 0x000000008d600000| PB 0x000000008d600000| Untracked 
| 215|0x000000008d700000, 0x000000008d700000, 0x000000008d800000|  0%| F|  |TAMS 0x000000008d700000| PB 0x000000008d700000| Untracked 
| 216|0x000000008d800000, 0x000000008d800000, 0x000000008d900000|  0%| F|  |TAMS 0x000000008d800000| PB 0x000000008d800000| Untracked 
| 217|0x000000008d900000, 0x000000008d900000, 0x000000008da00000|  0%| F|  |TAMS 0x000000008d900000| PB 0x000000008d900000| Untracked 
| 218|0x000000008da00000, 0x000000008da00000, 0x000000008db00000|  0%| F|  |TAMS 0x000000008da00000| PB 0x000000008da00000| Untracked 
| 219|0x000000008db00000, 0x000000008db00000, 0x000000008dc00000|  0%| F|  |TAMS 0x000000008db00000| PB 0x000000008db00000| Untracked 
| 220|0x000000008dc00000, 0x000000008dc00000, 0x000000008dd00000|  0%| F|  |TAMS 0x000000008dc00000| PB 0x000000008dc00000| Untracked 
| 221|0x000000008dd00000, 0x000000008dd00000, 0x000000008de00000|  0%| F|  |TAMS 0x000000008dd00000| PB 0x000000008dd00000| Untracked 
| 222|0x000000008de00000, 0x000000008de00000, 0x000000008df00000|  0%| F|  |TAMS 0x000000008de00000| PB 0x000000008de00000| Untracked 
| 223|0x000000008df00000, 0x000000008df00000, 0x000000008e000000|  0%| F|  |TAMS 0x000000008df00000| PB 0x000000008df00000| Untracked 
| 224|0x000000008e000000, 0x000000008e000000, 0x000000008e100000|  0%| F|  |TAMS 0x000000008e000000| PB 0x000000008e000000| Untracked 
| 225|0x000000008e100000, 0x000000008e100000, 0x000000008e200000|  0%| F|  |TAMS 0x000000008e100000| PB 0x000000008e100000| Untracked 
| 226|0x000000008e200000, 0x000000008e200000, 0x000000008e300000|  0%| F|  |TAMS 0x000000008e200000| PB 0x000000008e200000| Untracked 
| 227|0x000000008e300000, 0x000000008e3aa448, 0x000000008e400000| 66%| S|CS|TAMS 0x000000008e300000| PB 0x000000008e300000| Complete 
| 228|0x000000008e400000, 0x000000008e500000, 0x000000008e500000|100%| S|CS|TAMS 0x000000008e400000| PB 0x000000008e400000| Complete 
| 229|0x000000008e500000, 0x000000008e500000, 0x000000008e600000|  0%| F|  |TAMS 0x000000008e500000| PB 0x000000008e500000| Untracked 
| 230|0x000000008e600000, 0x000000008e600000, 0x000000008e700000|  0%| F|  |TAMS 0x000000008e600000| PB 0x000000008e600000| Untracked 
| 231|0x000000008e700000, 0x000000008e700000, 0x000000008e800000|  0%| F|  |TAMS 0x000000008e700000| PB 0x000000008e700000| Untracked 
| 232|0x000000008e800000, 0x000000008e800000, 0x000000008e900000|  0%| F|  |TAMS 0x000000008e800000| PB 0x000000008e800000| Untracked 
| 233|0x000000008e900000, 0x000000008e900000, 0x000000008ea00000|  0%| F|  |TAMS 0x000000008e900000| PB 0x000000008e900000| Untracked 
| 234|0x000000008ea00000, 0x000000008ea00000, 0x000000008eb00000|  0%| F|  |TAMS 0x000000008ea00000| PB 0x000000008ea00000| Untracked 
| 235|0x000000008eb00000, 0x000000008eb00000, 0x000000008ec00000|  0%| F|  |TAMS 0x000000008eb00000| PB 0x000000008eb00000| Untracked 
| 236|0x000000008ec00000, 0x000000008ec00000, 0x000000008ed00000|  0%| F|  |TAMS 0x000000008ec00000| PB 0x000000008ec00000| Untracked 
| 237|0x000000008ed00000, 0x000000008ed00000, 0x000000008ee00000|  0%| F|  |TAMS 0x000000008ed00000| PB 0x000000008ed00000| Untracked 
|2022|0x00000000fe600000, 0x00000000fe700000, 0x00000000fe700000|100%| O|  |TAMS 0x00000000fe700000| PB 0x00000000fe600000| Untracked 
|2023|0x00000000fe700000, 0x00000000fe800000, 0x00000000fe800000|100%| O|  |TAMS 0x00000000fe800000| PB 0x00000000fe700000| Untracked 
|2024|0x00000000fe800000, 0x00000000fe900000, 0x00000000fe900000|100%| O|  |TAMS 0x00000000fe900000| PB 0x00000000fe800000| Untracked 
|2025|0x00000000fe900000, 0x00000000fea00000, 0x00000000fea00000|100%| O|  |TAMS 0x00000000fea00000| PB 0x00000000fe900000| Untracked 
|2026|0x00000000fea00000, 0x00000000feb00000, 0x00000000feb00000|100%| O|  |TAMS 0x00000000feb00000| PB 0x00000000fea00000| Untracked 
|2027|0x00000000feb00000, 0x00000000fec00000, 0x00000000fec00000|100%| O|  |TAMS 0x00000000fec00000| PB 0x00000000feb00000| Untracked 
|2028|0x00000000fec00000, 0x00000000fed00000, 0x00000000fed00000|100%| O|  |TAMS 0x00000000fed00000| PB 0x00000000fec00000| Untracked 
|2029|0x00000000fed00000, 0x00000000fee00000, 0x00000000fee00000|100%| O|  |TAMS 0x00000000fee00000| PB 0x00000000fed00000| Untracked 
|2030|0x00000000fee00000, 0x00000000fef00000, 0x00000000fef00000|100%| O|  |TAMS 0x00000000fef00000| PB 0x00000000fee00000| Untracked 
|2031|0x00000000fef00000, 0x00000000ff000000, 0x00000000ff000000|100%| O|  |TAMS 0x00000000ff000000| PB 0x00000000fef00000| Untracked 
|2032|0x00000000ff000000, 0x00000000ff100000, 0x00000000ff100000|100%| O|  |TAMS 0x00000000ff100000| PB 0x00000000ff000000| Untracked 
|2033|0x00000000ff100000, 0x00000000ff200000, 0x00000000ff200000|100%| O|  |TAMS 0x00000000ff200000| PB 0x00000000ff100000| Untracked 
|2034|0x00000000ff200000, 0x00000000ff300000, 0x00000000ff300000|100%| O|  |TAMS 0x00000000ff300000| PB 0x00000000ff200000| Untracked 
|2035|0x00000000ff300000, 0x00000000ff400000, 0x00000000ff400000|100%| O|  |TAMS 0x00000000ff400000| PB 0x00000000ff300000| Untracked 
|2036|0x00000000ff400000, 0x00000000ff500000, 0x00000000ff500000|100%| O|  |TAMS 0x00000000ff500000| PB 0x00000000ff400000| Untracked 
|2037|0x00000000ff500000, 0x00000000ff600000, 0x00000000ff600000|100%| O|  |TAMS 0x00000000ff600000| PB 0x00000000ff500000| Untracked 
|2038|0x00000000ff600000, 0x00000000ff700000, 0x00000000ff700000|100%| O|  |TAMS 0x00000000ff700000| PB 0x00000000ff600000| Untracked 
|2039|0x00000000ff700000, 0x00000000ff800000, 0x00000000ff800000|100%| O|  |TAMS 0x00000000ff800000| PB 0x00000000ff700000| Untracked 
|2040|0x00000000ff800000, 0x00000000ff900000, 0x00000000ff900000|100%| O|  |TAMS 0x00000000ff900000| PB 0x00000000ff800000| Untracked 
|2041|0x00000000ff900000, 0x00000000ffa00000, 0x00000000ffa00000|100%| O|  |TAMS 0x00000000ffa00000| PB 0x00000000ff900000| Untracked 
|2042|0x00000000ffa00000, 0x00000000ffb00000, 0x00000000ffb00000|100%| O|  |TAMS 0x00000000ffb00000| PB 0x00000000ffa00000| Untracked 
|2043|0x00000000ffb00000, 0x00000000ffc00000, 0x00000000ffc00000|100%| O|  |TAMS 0x00000000ffc00000| PB 0x00000000ffb00000| Untracked 
|2044|0x00000000ffc00000, 0x00000000ffd00000, 0x00000000ffd00000|100%| O|  |TAMS 0x00000000ffd00000| PB 0x00000000ffc00000| Untracked 
|2045|0x00000000ffd00000, 0x00000000ffe00000, 0x00000000ffe00000|100%| O|  |TAMS 0x00000000ffe00000| PB 0x00000000ffd00000| Untracked 
|2046|0x00000000ffe00000, 0x00000000fff00000, 0x00000000fff00000|100%| O|  |TAMS 0x00000000fff00000| PB 0x00000000ffe00000| Untracked 
|2047|0x00000000fff00000, 0x00000000fff00000, 0x0000000100000000|  0%| F|  |TAMS 0x00000000fff00000| PB 0x00000000fff00000| Untracked 

Card table byte_map: [0x000001c1d3e20000,0x000001c1d4220000] _byte_map_base: 0x000001c1d3a20000

Marking Bits: (CMBitMap*) 0x000001c1bbe4e3a0
 Bits: [0x000001c1d4220000, 0x000001c1d6220000)

Polling page: 0x000001c1b9d70000

Metaspace:

Usage:
  Non-class:    128.46 MB used.
      Class:     19.40 MB used.
       Both:    147.86 MB used.

Virtual space:
  Non-class space:      192.00 MB reserved,     129.75 MB ( 68%) committed,  3 nodes.
      Class space:        1.00 GB reserved,      20.62 MB (  2%) committed,  1 nodes.
             Both:        1.19 GB reserved,     150.38 MB ( 12%) committed. 

Chunk freelists:
   Non-Class:  14.05 MB
       Class:  11.31 MB
        Both:  25.36 MB

MaxMetaspaceSize: unlimited
CompressedClassSpaceSize: 1.00 GB
Initial GC threshold: 21.00 MB
Current GC threshold: 245.44 MB
CDS: on
 - commit_granule_bytes: 65536.
 - commit_granule_words: 8192.
 - virtual_space_node_default_size: 8388608.
 - enlarge_chunks_in_place: 1.
 - use_allocation_guard: 0.


Internal statistics:

num_allocs_failed_limit: 12.
num_arena_births: 4770.
num_arena_deaths: 0.
num_vsnodes_births: 4.
num_vsnodes_deaths: 0.
num_space_committed: 2404.
num_space_uncommitted: 0.
num_chunks_returned_to_freelist: 12.
num_chunks_taken_from_freelist: 11115.
num_chunk_merges: 9.
num_chunk_splits: 7790.
num_chunks_enlarged: 5410.
num_inconsistent_stats: 0.

CodeHeap 'non-profiled nmethods': size=120000Kb used=7655Kb max_used=7655Kb free=112344Kb
 bounds [0x000001c1cbf90000, 0x000001c1cc710000, 0x000001c1d34c0000]
CodeHeap 'profiled nmethods': size=120000Kb used=30937Kb max_used=30937Kb free=89062Kb
 bounds [0x000001c1c44c0000, 0x000001c1c6300000, 0x000001c1cb9f0000]
CodeHeap 'non-nmethods': size=5760Kb used=3144Kb max_used=3197Kb free=2615Kb
 bounds [0x000001c1cb9f0000, 0x000001c1cbd30000, 0x000001c1cbf90000]
 total_blobs=16965 nmethods=15793 adapters=1073
 compilation: enabled
              stopped_count=0, restarted_count=0
 full_count=0

Compilation events (20 events):
Event: 23.669 Thread 0x000001c1d8e9c9e0 18158       2       jdk.internal.jimage.BasicImageReader::getResource (24 bytes)
Event: 23.669 Thread 0x000001c1d8e9c9e0 nmethod 18158 0x000001c1c62f0d10 code [0x000001c1c62f0f00, 0x000001c1c62f1250]
Event: 23.669 Thread 0x000001c1d8e9c9e0 18159   !   2       jdk.internal.jimage.BasicImageReader::getResourceBuffer (203 bytes)
Event: 23.670 Thread 0x000001c1d8e9c9e0 nmethod 18159 0x000001c1c62f1490 code [0x000001c1c62f17e0, 0x000001c1c62f2418]
Event: 23.670 Thread 0x000001c1d8e9c9e0 18161       2       jdk.internal.jrtfs.JrtFileSystem$1::read (28 bytes)
Event: 23.670 Thread 0x000001c1d8e9c9e0 nmethod 18161 0x000001c1c62f2c90 code [0x000001c1c62f2e40, 0x000001c1c62f2f98]
Event: 23.670 Thread 0x000001c1d8e9c9e0 18162       2       jdk.internal.jrtfs.JrtFileSystem$1::close (10 bytes)
Event: 23.670 Thread 0x000001c1d8e9c9e0 nmethod 18162 0x000001c1c62f3090 code [0x000001c1c62f3240, 0x000001c1c62f3378]
Event: 23.673 Thread 0x000001c1d8e9c9e0 18164       2       jdk.internal.jrtfs.JrtFileSystem::isDirectory (33 bytes)
Event: 23.674 Thread 0x000001c1d8e9c9e0 nmethod 18164 0x000001c1c62f3410 code [0x000001c1c62f35c0, 0x000001c1c62f3738]
Event: 23.674 Thread 0x000001c1d8e9c9e0 18165  s!   2       jdk.internal.jrtfs.JrtDirectoryStream::iterator (76 bytes)
Event: 23.674 Thread 0x000001c1d8e9c9e0 nmethod 18165 0x000001c1c62f3890 code [0x000001c1c62f3aa0, 0x000001c1c62f4070]
Event: 23.674 Thread 0x000001c1d8e9c9e0 18166       2       jdk.internal.jrtfs.JrtFileSystem::iteratorOf (98 bytes)
Event: 23.675 Thread 0x000001c1d8e9c9e0 nmethod 18166 0x000001c1c62f4310 code [0x000001c1c62f4600, 0x000001c1c62f50d8]
Event: 23.675 Thread 0x000001c1d8e9c9e0 18167       2       jdk.internal.jimage.ImageReader$Node::resolveLink (2 bytes)
Event: 23.675 Thread 0x000001c1d8e9c9e0 nmethod 18167 0x000001c1c62f5710 code [0x000001c1c62f58a0, 0x000001c1c62f59a8]
Event: 23.675 Thread 0x000001c1d8e9c9e0 18168       2       jdk.internal.jimage.ImageReader$Directory::getChildren (8 bytes)
Event: 23.675 Thread 0x000001c1d8e9c9e0 nmethod 18168 0x000001c1c62f5a10 code [0x000001c1c62f5bc0, 0x000001c1c62f5ce8]
Event: 23.675 Thread 0x000001c1d8e9c9e0 18170       2       jdk.internal.jrtfs.JrtDirectoryStream::<init> (39 bytes)
Event: 23.675 Thread 0x000001c1d8e9c9e0 nmethod 18170 0x000001c1c62f5d90 code [0x000001c1c62f5f60, 0x000001c1c62f6288]

GC Heap History (20 events):
Event: 16.606 GC heap after
{Heap after GC invocations=36 (full 0):
 garbage-first heap   total 200704K, used 114119K [0x0000000080000000, 0x0000000100000000)
  region size 1024K, 8 young (8192K), 8 survivors (8192K)
 Metaspace       used 123673K, committed 126080K, reserved 1179648K
  class space    used 15958K, committed 17152K, reserved 1048576K
}
Event: 17.117 GC heap before
{Heap before GC invocations=36 (full 0):
 garbage-first heap   total 200704K, used 179655K [0x0000000080000000, 0x0000000100000000)
  region size 1024K, 73 young (74752K), 8 survivors (8192K)
 Metaspace       used 125659K, committed 128064K, reserved 1179648K
  class space    used 16208K, committed 17408K, reserved 1048576K
}
Event: 17.127 GC heap after
{Heap after GC invocations=37 (full 0):
 garbage-first heap   total 242688K, used 126263K [0x0000000080000000, 0x0000000100000000)
  region size 1024K, 10 young (10240K), 10 survivors (10240K)
 Metaspace       used 125659K, committed 128064K, reserved 1179648K
  class space    used 16208K, committed 17408K, reserved 1048576K
}
Event: 17.408 GC heap before
{Heap before GC invocations=38 (full 0):
 garbage-first heap   total 242688K, used 206135K [0x0000000080000000, 0x0000000100000000)
  region size 1024K, 87 young (89088K), 10 survivors (10240K)
 Metaspace       used 125800K, committed 128192K, reserved 1179648K
  class space    used 16208K, committed 17408K, reserved 1048576K
}
Event: 17.418 GC heap after
{Heap after GC invocations=39 (full 0):
 garbage-first heap   total 242688K, used 136254K [0x0000000080000000, 0x0000000100000000)
  region size 1024K, 9 young (9216K), 9 survivors (9216K)
 Metaspace       used 125800K, committed 128192K, reserved 1179648K
  class space    used 16208K, committed 17408K, reserved 1048576K
}
Event: 18.206 GC heap before
{Heap before GC invocations=39 (full 0):
 garbage-first heap   total 242688K, used 212030K [0x0000000080000000, 0x0000000100000000)
  region size 1024K, 83 young (84992K), 9 survivors (9216K)
 Metaspace       used 128642K, committed 131072K, reserved 1179648K
  class space    used 16528K, committed 17728K, reserved 1048576K
}
Event: 18.232 GC heap after
{Heap after GC invocations=40 (full 0):
 garbage-first heap   total 242688K, used 143227K [0x0000000080000000, 0x0000000100000000)
  region size 1024K, 8 young (8192K), 8 survivors (8192K)
 Metaspace       used 128642K, committed 131072K, reserved 1179648K
  class space    used 16528K, committed 17728K, reserved 1048576K
}
Event: 18.307 GC heap before
{Heap before GC invocations=40 (full 0):
 garbage-first heap   total 242688K, used 149371K [0x0000000080000000, 0x0000000100000000)
  region size 1024K, 15 young (15360K), 8 survivors (8192K)
 Metaspace       used 129202K, committed 131584K, reserved 1179648K
  class space    used 16603K, committed 17792K, reserved 1048576K
}
Event: 18.312 GC heap after
{Heap after GC invocations=41 (full 0):
 garbage-first heap   total 242688K, used 144240K [0x0000000080000000, 0x0000000100000000)
  region size 1024K, 2 young (2048K), 2 survivors (2048K)
 Metaspace       used 129202K, committed 131584K, reserved 1179648K
  class space    used 16603K, committed 17792K, reserved 1048576K
}
Event: 19.179 GC heap before
{Heap before GC invocations=42 (full 0):
 garbage-first heap   total 252928K, used 218992K [0x0000000080000000, 0x0000000100000000)
  region size 1024K, 74 young (75776K), 2 survivors (2048K)
 Metaspace       used 134847K, committed 137344K, reserved 1179648K
  class space    used 17561K, committed 18816K, reserved 1048576K
}
Event: 19.183 GC heap after
{Heap after GC invocations=43 (full 0):
 garbage-first heap   total 252928K, used 139293K [0x0000000080000000, 0x0000000100000000)
  region size 1024K, 4 young (4096K), 4 survivors (4096K)
 Metaspace       used 134847K, committed 137344K, reserved 1179648K
  class space    used 17561K, committed 18816K, reserved 1048576K
}
Event: 20.453 GC heap before
{Heap before GC invocations=43 (full 0):
 garbage-first heap   total 252928K, used 232477K [0x0000000080000000, 0x0000000100000000)
  region size 1024K, 94 young (96256K), 4 survivors (4096K)
 Metaspace       used 140933K, committed 143424K, reserved 1179648K
  class space    used 18507K, committed 19776K, reserved 1048576K
}
Event: 20.462 GC heap after
{Heap after GC invocations=44 (full 0):
 garbage-first heap   total 252928K, used 138538K [0x0000000080000000, 0x0000000100000000)
  region size 1024K, 9 young (9216K), 9 survivors (9216K)
 Metaspace       used 140933K, committed 143424K, reserved 1179648K
  class space    used 18507K, committed 19776K, reserved 1048576K
}
Event: 22.236 GC heap before
{Heap before GC invocations=44 (full 0):
 garbage-first heap   total 252928K, used 228650K [0x0000000080000000, 0x0000000100000000)
  region size 1024K, 98 young (100352K), 9 survivors (9216K)
 Metaspace       used 148206K, committed 150784K, reserved 1179648K
  class space    used 19558K, committed 20864K, reserved 1048576K
}
Event: 22.250 GC heap after
{Heap after GC invocations=45 (full 0):
 garbage-first heap   total 252928K, used 143313K [0x0000000080000000, 0x0000000100000000)
  region size 1024K, 11 young (11264K), 11 survivors (11264K)
 Metaspace       used 148206K, committed 150784K, reserved 1179648K
  class space    used 19558K, committed 20864K, reserved 1048576K
}
Event: 23.221 GC heap before
{Heap before GC invocations=46 (full 0):
 garbage-first heap   total 252928K, used 223185K [0x0000000080000000, 0x0000000100000000)
  region size 1024K, 93 young (95232K), 11 survivors (11264K)
 Metaspace       used 151050K, committed 153664K, reserved 1245184K
  class space    used 19840K, committed 21120K, reserved 1048576K
}
Event: 23.234 GC heap after
{Heap after GC invocations=47 (full 0):
 garbage-first heap   total 252928K, used 145857K [0x0000000080000000, 0x0000000100000000)
  region size 1024K, 12 young (12288K), 12 survivors (12288K)
 Metaspace       used 151050K, committed 153664K, reserved 1245184K
  class space    used 19840K, committed 21120K, reserved 1048576K
}
Event: 23.640 GC heap before
{Heap before GC invocations=47 (full 0):
 garbage-first heap   total 252928K, used 235969K [0x0000000080000000, 0x0000000100000000)
  region size 1024K, 90 young (92160K), 12 survivors (12288K)
 Metaspace       used 151384K, committed 153920K, reserved 1245184K
  class space    used 19862K, committed 21120K, reserved 1048576K
}
Event: 23.665 GC heap after
{Heap after GC invocations=48 (full 0):
 garbage-first heap   total 270336K, used 156672K [0x0000000080000000, 0x0000000100000000)
  region size 1024K, 12 young (12288K), 12 survivors (12288K)
 Metaspace       used 151384K, committed 153920K, reserved 1245184K
  class space    used 19862K, committed 21120K, reserved 1048576K
}
Event: 23.691 GC heap before
{Heap before GC invocations=48 (full 0):
 garbage-first heap   total 270336K, used 161792K [0x0000000080000000, 0x0000000100000000)
  region size 1024K, 18 young (18432K), 12 survivors (12288K)
 Metaspace       used 151407K, committed 153984K, reserved 1245184K
  class space    used 19862K, committed 21120K, reserved 1048576K
}

Dll operation events (15 events):
Event: 0.013 Loaded shared library C:\Program Files\Eclipse Adoptium\jdk-21.0.1.12-hotspot\bin\java.dll
Event: 0.044 Loaded shared library C:\Program Files\Eclipse Adoptium\jdk-21.0.1.12-hotspot\bin\jsvml.dll
Event: 0.078 Loaded shared library C:\Program Files\Eclipse Adoptium\jdk-21.0.1.12-hotspot\bin\zip.dll
Event: 0.080 Loaded shared library C:\Program Files\Eclipse Adoptium\jdk-21.0.1.12-hotspot\bin\instrument.dll
Event: 0.085 Loaded shared library C:\Program Files\Eclipse Adoptium\jdk-21.0.1.12-hotspot\bin\net.dll
Event: 0.088 Loaded shared library C:\Program Files\Eclipse Adoptium\jdk-21.0.1.12-hotspot\bin\nio.dll
Event: 0.091 Loaded shared library C:\Program Files\Eclipse Adoptium\jdk-21.0.1.12-hotspot\bin\zip.dll
Event: 0.249 Loaded shared library C:\Program Files\Eclipse Adoptium\jdk-21.0.1.12-hotspot\bin\jimage.dll
Event: 0.309 Loaded shared library C:\Program Files\Eclipse Adoptium\jdk-21.0.1.12-hotspot\bin\verify.dll
Event: 0.436 Loaded shared library C:\Users\Pankaj Bind\.gradle\native\68d5fa5c4cc2d200863cafc0d521ce42e7d3e7ee720ec0a83991735586a16f82\windows-amd64\native-platform.dll
Event: 0.442 Loaded shared library C:\Users\Pankaj Bind\.gradle\native\e376f236ea51e6404a007f0833ffe2c6e607c4080706a723a18a27aeea778392\windows-amd64\native-platform-file-events.dll
Event: 1.142 Loaded shared library C:\Program Files\Eclipse Adoptium\jdk-21.0.1.12-hotspot\bin\management.dll
Event: 1.145 Loaded shared library C:\Program Files\Eclipse Adoptium\jdk-21.0.1.12-hotspot\bin\management_ext.dll
Event: 1.349 Loaded shared library C:\Program Files\Eclipse Adoptium\jdk-21.0.1.12-hotspot\bin\extnet.dll
Event: 1.477 Loaded shared library C:\Program Files\Eclipse Adoptium\jdk-21.0.1.12-hotspot\bin\sunmscapi.dll

Deoptimization events (20 events):
Event: 23.623 Thread 0x000001c21fd3b2c0 Uncommon trap: trap_request=0xffffffde fr.pc=0x000001c1cc4378bc relative=0x0000000000001c1c
Event: 23.623 Thread 0x000001c21fd3b2c0 Uncommon trap: reason=class_check action=maybe_recompile pc=0x000001c1cc4378bc method=org.jetbrains.kotlin.cli.jvm.modules.CoreJrtVirtualFile.getChildren()[Lorg/jetbrains/kotlin/com/intellij/openapi/vfs/VirtualFile; @ 8 c2
Event: 23.623 Thread 0x000001c21fd3b2c0 DEOPT PACKING pc=0x000001c1cc4378bc sp=0x0000007facdf5d50
Event: 23.623 Thread 0x000001c21fd3b2c0 DEOPT UNPACKING pc=0x000001c1cba446a2 sp=0x0000007facdf5ce8 mode 2
Event: 23.623 Thread 0x000001c21fd3b2c0 Uncommon trap: trap_request=0xffffffde fr.pc=0x000001c1cc2c06b4 relative=0x00000000000000d4
Event: 23.623 Thread 0x000001c21fd3b2c0 Uncommon trap: reason=class_check action=maybe_recompile pc=0x000001c1cc2c06b4 method=org.jetbrains.kotlin.cli.jvm.modules.CoreJrtVirtualFile.getName()Ljava/lang/String; @ 4 c2
Event: 23.623 Thread 0x000001c21fd3b2c0 DEOPT PACKING pc=0x000001c1cc2c06b4 sp=0x0000007facdf5dc0
Event: 23.623 Thread 0x000001c21fd3b2c0 DEOPT UNPACKING pc=0x000001c1cba446a2 sp=0x0000007facdf5ce8 mode 2
Event: 23.623 Thread 0x000001c21fd3b2c0 Uncommon trap: trap_request=0xffffffde fr.pc=0x000001c1cc2c06b4 relative=0x00000000000000d4
Event: 23.623 Thread 0x000001c21fd3b2c0 Uncommon trap: reason=class_check action=maybe_recompile pc=0x000001c1cc2c06b4 method=org.jetbrains.kotlin.cli.jvm.modules.CoreJrtVirtualFile.getName()Ljava/lang/String; @ 4 c2
Event: 23.623 Thread 0x000001c21fd3b2c0 DEOPT PACKING pc=0x000001c1cc2c06b4 sp=0x0000007facdf5dc0
Event: 23.623 Thread 0x000001c21fd3b2c0 DEOPT UNPACKING pc=0x000001c1cba446a2 sp=0x0000007facdf5ce8 mode 2
Event: 23.623 Thread 0x000001c21fd3b2c0 Uncommon trap: trap_request=0xffffffde fr.pc=0x000001c1cc2c0bc4 relative=0x0000000000000084
Event: 23.623 Thread 0x000001c21fd3b2c0 Uncommon trap: reason=class_check action=maybe_recompile pc=0x000001c1cc2c0bc4 method=org.jetbrains.kotlin.cli.jvm.modules.CoreJrtVirtualFile.getName()Ljava/lang/String; @ 4 c2
Event: 23.623 Thread 0x000001c21fd3b2c0 DEOPT PACKING pc=0x000001c1cc2c0bc4 sp=0x0000007facdf5d50
Event: 23.623 Thread 0x000001c21fd3b2c0 DEOPT UNPACKING pc=0x000001c1cba446a2 sp=0x0000007facdf5ce0 mode 2
Event: 23.625 Thread 0x000001c21fd3b2c0 Uncommon trap: trap_request=0xffffffde fr.pc=0x000001c1cc4378bc relative=0x0000000000001c1c
Event: 23.625 Thread 0x000001c21fd3b2c0 Uncommon trap: reason=class_check action=maybe_recompile pc=0x000001c1cc4378bc method=org.jetbrains.kotlin.cli.jvm.modules.CoreJrtVirtualFile.getChildren()[Lorg/jetbrains/kotlin/com/intellij/openapi/vfs/VirtualFile; @ 8 c2
Event: 23.625 Thread 0x000001c21fd3b2c0 DEOPT PACKING pc=0x000001c1cc4378bc sp=0x0000007facdf60c0
Event: 23.625 Thread 0x000001c21fd3b2c0 DEOPT UNPACKING pc=0x000001c1cba446a2 sp=0x0000007facdf6060 mode 2

Classes loaded (20 events):
Event: 22.576 Loading class java/net/List
Event: 22.576 Loading class java/net/List done
Event: 22.578 Loading class java/lang/LinkedList
Event: 22.578 Loading class java/lang/LinkedList done
Event: 22.579 Loading class java/io/LinkedList
Event: 22.579 Loading class java/io/LinkedList done
Event: 22.579 Loading class java/net/LinkedList
Event: 22.579 Loading class java/net/LinkedList done
Event: 22.630 Loading class jdk/internal/vm/annotation/Stable
Event: 22.630 Loading class jdk/internal/vm/annotation/Stable done
Event: 22.739 Loading class java/lang/NegativeArraySizeException
Event: 22.739 Loading class java/lang/NegativeArraySizeException done
Event: 22.782 Loading class java/security/PermissionsEnumerator
Event: 22.782 Loading class java/security/PermissionsEnumerator done
Event: 22.789 Loading class java/util/LinkedList$DescendingIterator
Event: 22.789 Loading class java/util/LinkedList$DescendingIterator done
Event: 22.821 Loading class java/util/stream/ReduceOps$5
Event: 22.821 Loading class java/util/stream/ReduceOps$5 done
Event: 22.821 Loading class java/util/stream/ReduceOps$CountingSink$OfRef
Event: 22.821 Loading class java/util/stream/ReduceOps$CountingSink$OfRef done

Classes unloaded (0 events):
No events

Classes redefined (0 events):
No events

Internal exceptions (20 events):
Event: 22.444 Thread 0x000001c222a6bdc0 Exception <a 'sun/nio/fs/WindowsException'{0x000000008d204968}> (0x000000008d204968) 
thrown [s\src\hotspot\share\prims\jni.cpp, line 520]
Event: 22.446 Thread 0x000001c222a6bdc0 Exception <a 'sun/nio/fs/WindowsException'{0x000000008d211cf8}> (0x000000008d211cf8) 
thrown [s\src\hotspot\share\prims\jni.cpp, line 520]
Event: 22.446 Thread 0x000001c222a6bdc0 Exception <a 'sun/nio/fs/WindowsException'{0x000000008d211e80}> (0x000000008d211e80) 
thrown [s\src\hotspot\share\prims\jni.cpp, line 520]
Event: 22.484 Thread 0x000001c21fd3b2c0 Exception <a 'java/lang/NoSuchMethodError'{0x000000008d190530}: 'void java.lang.invoke.DirectMethodHandle$Holder.invokeSpecialIFC(java.lang.Object, java.lang.Object, java.lang.Object)'> (0x000000008d190530) 
thrown [s\src\hotspot\share\interpreter\linkResolver.cpp, line 773]
Event: 22.846 Thread 0x000001c222a6d800 Exception <a 'sun/nio/fs/WindowsException'{0x000000008bc151c8}> (0x000000008bc151c8) 
thrown [s\src\hotspot\share\prims\jni.cpp, line 520]
Event: 22.859 Thread 0x000001c222a6d800 Exception <a 'sun/nio/fs/WindowsException'{0x000000008bcb2878}> (0x000000008bcb2878) 
thrown [s\src\hotspot\share\prims\jni.cpp, line 520]
Event: 22.859 Thread 0x000001c222a6d800 Exception <a 'sun/nio/fs/WindowsException'{0x000000008bcb29f8}> (0x000000008bcb29f8) 
thrown [s\src\hotspot\share\prims\jni.cpp, line 520]
Event: 22.867 Thread 0x000001c21fd3b2c0 Exception <a 'java/lang/ClassNotFoundException'{0x000000008bdef058}: fc827f1ab7fd81c676b77c7d83c298_dbruqfnifkve1u53dryzt631sBeanInfo> (0x000000008bdef058) 
thrown [s\src\hotspot\share\classfile\systemDictionary.cpp, line 312]
Event: 22.867 Thread 0x000001c21fd3b2c0 Exception <a 'java/lang/ClassNotFoundException'{0x000000008bdf4a28}: fc827f1ab7fd81c676b77c7d83c298_dbruqfnifkve1u53dryzt631sCustomizer> (0x000000008bdf4a28) 
thrown [s\src\hotspot\share\classfile\systemDictionary.cpp, line 312]
Event: 22.875 Thread 0x000001c21fd3b2c0 Exception <a 'sun/nio/fs/WindowsException'{0x000000008bcfa1f8}> (0x000000008bcfa1f8) 
thrown [s\src\hotspot\share\prims\jni.cpp, line 520]
Event: 22.875 Thread 0x000001c21fd3b2c0 Exception <a 'sun/nio/fs/WindowsException'{0x000000008bcfb710}> (0x000000008bcfb710) 
thrown [s\src\hotspot\share\prims\jni.cpp, line 520]
Event: 22.875 Thread 0x000001c21fd3b2c0 Exception <a 'sun/nio/fs/WindowsException'{0x000000008bcfcc18}> (0x000000008bcfcc18) 
thrown [s\src\hotspot\share\prims\jni.cpp, line 520]
Event: 22.876 Thread 0x000001c21fd3b2c0 Exception <a 'sun/nio/fs/WindowsException'{0x000000008bcfe120}> (0x000000008bcfe120) 
thrown [s\src\hotspot\share\prims\jni.cpp, line 520]
Event: 23.135 Thread 0x000001c21fd3b2c0 Exception <a 'java/lang/ClassNotFoundException'{0x000000008a3f65a0}: GradleAnnotationProcessorPatchPluginBeanInfo> (0x000000008a3f65a0) 
thrown [s\src\hotspot\share\classfile\systemDictionary.cpp, line 312]
Event: 23.135 Thread 0x000001c21fd3b2c0 Exception <a 'java/lang/ClassNotFoundException'{0x000000008a017ee0}: GradleAnnotationProcessorPatchPluginCustomizer> (0x000000008a017ee0) 
thrown [s\src\hotspot\share\classfile\systemDictionary.cpp, line 312]
Event: 23.138 Thread 0x000001c21fd3b2c0 Exception <a 'java/lang/ClassNotFoundException'{0x000000008a04b7d0}: GradleAnnotationProcessorPatchPlugin$AnnotationProcessorModelBuilderBeanInfo> (0x000000008a04b7d0) 
thrown [s\src\hotspot\share\classfile\systemDictionary.cpp, line 312]
Event: 23.138 Thread 0x000001c21fd3b2c0 Exception <a 'java/lang/ClassNotFoundException'{0x000000008a055528}: GradleAnnotationProcessorPatchPlugin$AnnotationProcessorModelBuilderCustomizer> (0x000000008a055528) 
thrown [s\src\hotspot\share\classfile\systemDictionary.cpp, line 312]
Event: 23.144 Thread 0x000001c21fd3b2c0 Exception <a 'java/lang/ClassNotFoundException'{0x000000008a0c7c08}: org/gradle/tooling/provider/model/internal/DefaultToolingModelBuilderRegistryBeanInfo> (0x000000008a0c7c08) 
thrown [s\src\hotspot\share\classfile\systemDictionary.cpp, line 312]
Event: 23.145 Thread 0x000001c21fd3b2c0 Exception <a 'java/lang/ClassNotFoundException'{0x000000008a0da088}: org/gradle/tooling/provider/model/internal/DefaultToolingModelBuilderRegistryCustomizer> (0x000000008a0da088) 
thrown [s\src\hotspot\share\classfile\systemDictionary.cpp, line 312]
Event: 23.348 Thread 0x000001c21fd3b2c0 Exception <a 'java/lang/NoSuchMethodError'{0x000000008e4625b0}: 'void java.lang.invoke.Invokers$Holder.invokeExact_MT(java.lang.Object, java.lang.Object, java.lang.Object)'> (0x000000008e4625b0) 
thrown [s\src\hotspot\share\interpreter\linkResolver.cpp, line 773]

ZGC Phase Switch (0 events):
No events

VM Operations (20 events):
Event: 22.592 Executing VM operation: HandshakeAllThreads (Deoptimize) done
Event: 22.594 Executing VM operation: HandshakeAllThreads (Deoptimize)
Event: 22.594 Executing VM operation: HandshakeAllThreads (Deoptimize) done
Event: 22.640 Executing VM operation: HandshakeAllThreads (Deoptimize)
Event: 22.640 Executing VM operation: HandshakeAllThreads (Deoptimize) done
Event: 22.718 Executing VM operation: ICBufferFull
Event: 22.719 Executing VM operation: ICBufferFull done
Event: 22.730 Executing VM operation: HandshakeAllThreads (Deoptimize)
Event: 22.730 Executing VM operation: HandshakeAllThreads (Deoptimize) done
Event: 22.816 Executing VM operation: HandshakeAllThreads (Deoptimize)
Event: 22.816 Executing VM operation: HandshakeAllThreads (Deoptimize) done
Event: 22.880 Executing VM operation: ICBufferFull
Event: 22.880 Executing VM operation: ICBufferFull done
Event: 23.068 Executing VM operation: ICBufferFull
Event: 23.068 Executing VM operation: ICBufferFull done
Event: 23.220 Executing VM operation: G1CollectForAllocation (G1 Evacuation Pause)
Event: 23.234 Executing VM operation: G1CollectForAllocation (G1 Evacuation Pause) done
Event: 23.640 Executing VM operation: G1CollectForAllocation (G1 Evacuation Pause)
Event: 23.665 Executing VM operation: G1CollectForAllocation (G1 Evacuation Pause) done
Event: 23.691 Executing VM operation: G1TryInitiateConcMark (G1 Humongous Allocation)

Events (20 events):
Event: 22.322 Thread 0x000001c1d8e43760 flushing nmethod 0x000001c1c4512010
Event: 22.322 Thread 0x000001c1d8e43760 flushing nmethod 0x000001c1c4511b10
Event: 22.322 Thread 0x000001c1d8e43760 flushing nmethod 0x000001c1c44e5490
Event: 22.322 Thread 0x000001c1d8e43760 flushing nmethod 0x000001c1cc45ff10
Event: 22.322 Thread 0x000001c1d8e43760 flushing nmethod 0x000001c1cc1a8990
Event: 22.322 Thread 0x000001c1d8e43760 flushing nmethod 0x000001c1cc0d2710
Event: 22.322 Thread 0x000001c1d8e43760 flushing nmethod 0x000001c1cc0a0290
Event: 22.906 Thread 0x000001c223c8c060 Thread added: 0x000001c223c8c060
Event: 22.944 Thread 0x000001c223c93680 Thread added: 0x000001c223c93680
Event: 23.087 Thread 0x000001c223c8c6f0 Thread added: 0x000001c223c8c6f0
Event: 23.087 Thread 0x000001c223c8daa0 Thread added: 0x000001c223c8daa0
Event: 23.088 Thread 0x000001c223c8e130 Thread added: 0x000001c223c8e130
Event: 23.088 Thread 0x000001c22117c510 Thread added: 0x000001c22117c510
Event: 23.088 Thread 0x000001c22117d230 Thread added: 0x000001c22117d230
Event: 23.088 Thread 0x000001c22117e5e0 Thread added: 0x000001c22117e5e0
Event: 23.088 Thread 0x000001c221179090 Thread added: 0x000001c221179090
Event: 23.089 Thread 0x000001c22117ec70 Thread added: 0x000001c22117ec70
Event: 23.089 Thread 0x000001c22117f990 Thread added: 0x000001c22117f990
Event: 23.090 Thread 0x000001c2211806b0 Thread added: 0x000001c2211806b0
Event: 23.090 Thread 0x000001c222a6ebb0 Thread added: 0x000001c222a6ebb0


Dynamic libraries:
0x00007ff71c310000 - 0x00007ff71c31e000 	C:\Program Files\Eclipse Adoptium\jdk-21.0.1.12-hotspot\bin\java.exe
0x00007fff342b0000 - 0x00007fff344c7000 	C:\WINDOWS\SYSTEM32\ntdll.dll
0x00007fff335e0000 - 0x00007fff336a4000 	C:\WINDOWS\System32\KERNEL32.DLL
0x00007fff31ae0000 - 0x00007fff31e85000 	C:\WINDOWS\System32\KERNELBASE.dll
0x00007fff31620000 - 0x00007fff31731000 	C:\WINDOWS\System32\ucrtbase.dll
0x00007ffef9c80000 - 0x00007ffef9c98000 	C:\Program Files\Eclipse Adoptium\jdk-21.0.1.12-hotspot\bin\jli.dll
0x00007ffef9ca0000 - 0x00007ffef9cbb000 	C:\Program Files\Eclipse Adoptium\jdk-21.0.1.12-hotspot\bin\VCRUNTIME140.dll
0x00007fff34010000 - 0x00007fff341be000 	C:\WINDOWS\System32\USER32.dll
0x00007fff31fd0000 - 0x00007fff31ff6000 	C:\WINDOWS\System32\win32u.dll
0x00007fff335b0000 - 0x00007fff335d9000 	C:\WINDOWS\System32\GDI32.dll
0x00007fff318b0000 - 0x00007fff319c9000 	C:\WINDOWS\System32\gdi32full.dll
0x00007fff1dde0000 - 0x00007fff1e073000 	C:\WINDOWS\WinSxS\amd64_microsoft.windows.common-controls_6595b64144ccf1df_6.0.22621.2506_none_270c5ae97388e100\COMCTL32.dll
0x00007fff31a40000 - 0x00007fff31ada000 	C:\WINDOWS\System32\msvcp_win.dll
0x00007fff33f60000 - 0x00007fff34007000 	C:\WINDOWS\System32\msvcrt.dll
0x00007fff33f20000 - 0x00007fff33f51000 	C:\WINDOWS\System32\IMM32.DLL
0x00007fff102a0000 - 0x00007fff102ac000 	C:\Program Files\Eclipse Adoptium\jdk-21.0.1.12-hotspot\bin\vcruntime140_1.dll
0x00007ffed6cf0000 - 0x00007ffed6d7e000 	C:\Program Files\Eclipse Adoptium\jdk-21.0.1.12-hotspot\bin\msvcp140.dll
0x00007ffeadba0000 - 0x00007ffeae921000 	C:\Program Files\Eclipse Adoptium\jdk-21.0.1.12-hotspot\bin\server\jvm.dll
0x00007fff33170000 - 0x00007fff33221000 	C:\WINDOWS\System32\ADVAPI32.dll
0x00007fff329c0000 - 0x00007fff32a66000 	C:\WINDOWS\System32\sechost.dll
0x00007fff32cc0000 - 0x00007fff32dd7000 	C:\WINDOWS\System32\RPCRT4.dll
0x00007fff341f0000 - 0x00007fff34261000 	C:\WINDOWS\System32\WS2_32.dll
0x00007fff31340000 - 0x00007fff3138d000 	C:\WINDOWS\SYSTEM32\POWRPROF.dll
0x00007fff2a280000 - 0x00007fff2a2b4000 	C:\WINDOWS\SYSTEM32\WINMM.dll
0x00007fff2b000000 - 0x00007fff2b00a000 	C:\WINDOWS\SYSTEM32\VERSION.dll
0x00007fff31320000 - 0x00007fff31333000 	C:\WINDOWS\SYSTEM32\UMPDC.dll
0x00007fff305f0000 - 0x00007fff30608000 	C:\WINDOWS\SYSTEM32\kernel.appcore.dll
0x00007fff0e7b0000 - 0x00007fff0e7ba000 	C:\Program Files\Eclipse Adoptium\jdk-21.0.1.12-hotspot\bin\jimage.dll
0x00007fff26150000 - 0x00007fff26383000 	C:\WINDOWS\SYSTEM32\DBGHELP.DLL
0x00007fff32de0000 - 0x00007fff33169000 	C:\WINDOWS\System32\combase.dll
0x00007fff332b0000 - 0x00007fff33387000 	C:\WINDOWS\System32\OLEAUT32.dll
0x00007fff28a20000 - 0x00007fff28a52000 	C:\WINDOWS\SYSTEM32\dbgcore.DLL
0x00007fff31f50000 - 0x00007fff31fca000 	C:\WINDOWS\System32\bcryptPrimitives.dll
0x00007fff0d110000 - 0x00007fff0d11f000 	C:\Program Files\Eclipse Adoptium\jdk-21.0.1.12-hotspot\bin\instrument.dll
0x00007ffef3580000 - 0x00007ffef359f000 	C:\Program Files\Eclipse Adoptium\jdk-21.0.1.12-hotspot\bin\java.dll
0x00007fff32160000 - 0x00007fff329b9000 	C:\WINDOWS\System32\SHELL32.dll
0x00007fff2f4f0000 - 0x00007fff2fde4000 	C:\WINDOWS\SYSTEM32\windows.storage.dll
0x00007fff2f3b0000 - 0x00007fff2f4ee000 	C:\WINDOWS\SYSTEM32\wintypes.dll
0x00007fff33910000 - 0x00007fff33a03000 	C:\WINDOWS\System32\SHCORE.dll
0x00007fff32100000 - 0x00007fff3215e000 	C:\WINDOWS\System32\shlwapi.dll
0x00007fff31550000 - 0x00007fff31576000 	C:\WINDOWS\SYSTEM32\profapi.dll
0x00007ffed4910000 - 0x00007ffed49e7000 	C:\Program Files\Eclipse Adoptium\jdk-21.0.1.12-hotspot\bin\jsvml.dll
0x00007ffee8d80000 - 0x00007ffee8d98000 	C:\Program Files\Eclipse Adoptium\jdk-21.0.1.12-hotspot\bin\zip.dll
0x00007fff0c5d0000 - 0x00007fff0c5e0000 	C:\Program Files\Eclipse Adoptium\jdk-21.0.1.12-hotspot\bin\net.dll
0x00007fff2c430000 - 0x00007fff2c567000 	C:\WINDOWS\SYSTEM32\WINHTTP.dll
0x00007fff30aa0000 - 0x00007fff30b09000 	C:\WINDOWS\system32\mswsock.dll
0x00007ffee8d60000 - 0x00007ffee8d76000 	C:\Program Files\Eclipse Adoptium\jdk-21.0.1.12-hotspot\bin\nio.dll
0x00007fff0c590000 - 0x00007fff0c5a0000 	C:\Program Files\Eclipse Adoptium\jdk-21.0.1.12-hotspot\bin\verify.dll
0x00007ffee5090000 - 0x00007ffee50b7000 	C:\Users\Pankaj Bind\.gradle\native\68d5fa5c4cc2d200863cafc0d521ce42e7d3e7ee720ec0a83991735586a16f82\windows-amd64\native-platform.dll
0x00007ffec15c0000 - 0x00007ffec1704000 	C:\Users\Pankaj Bind\.gradle\native\e376f236ea51e6404a007f0833ffe2c6e607c4080706a723a18a27aeea778392\windows-amd64\native-platform-file-events.dll
0x00007fff0bd40000 - 0x00007fff0bd4a000 	C:\Program Files\Eclipse Adoptium\jdk-21.0.1.12-hotspot\bin\management.dll
0x00007fff0a150000 - 0x00007fff0a15b000 	C:\Program Files\Eclipse Adoptium\jdk-21.0.1.12-hotspot\bin\management_ext.dll
0x00007fff338b0000 - 0x00007fff338b8000 	C:\WINDOWS\System32\PSAPI.DLL
0x00007fff30cf0000 - 0x00007fff30d0b000 	C:\WINDOWS\SYSTEM32\CRYPTSP.dll
0x00007fff30550000 - 0x00007fff30585000 	C:\WINDOWS\system32\rsaenh.dll
0x00007fff30b90000 - 0x00007fff30bbc000 	C:\WINDOWS\SYSTEM32\USERENV.dll
0x00007fff30f40000 - 0x00007fff30f68000 	C:\WINDOWS\SYSTEM32\bcrypt.dll
0x00007fff31280000 - 0x00007fff3128c000 	C:\WINDOWS\SYSTEM32\CRYPTBASE.dll
0x00007fff30050000 - 0x00007fff3007d000 	C:\WINDOWS\SYSTEM32\IPHLPAPI.DLL
0x00007fff32cb0000 - 0x00007fff32cb9000 	C:\WINDOWS\System32\NSI.dll
0x00007fff087a0000 - 0x00007fff087a7000 	C:\Program Files\Eclipse Adoptium\jdk-21.0.1.12-hotspot\bin\extnet.dll
0x00007fff04830000 - 0x00007fff0483e000 	C:\Program Files\Eclipse Adoptium\jdk-21.0.1.12-hotspot\bin\sunmscapi.dll
0x00007fff31740000 - 0x00007fff318a6000 	C:\WINDOWS\System32\CRYPT32.dll
0x00007fff30f10000 - 0x00007fff30f3d000 	C:\WINDOWS\SYSTEM32\ncrypt.dll
0x00007fff30ed0000 - 0x00007fff30f07000 	C:\WINDOWS\SYSTEM32\NTASN1.dll
0x00007fff1d2a0000 - 0x00007fff1d2a8000 	C:\WINDOWS\system32\wshunix.dll

dbghelp: loaded successfully - version: 4.0.5 - missing functions: none
symbol engine: initialized successfully - sym options: 0x614 - pdb path: .;C:\Program Files\Eclipse Adoptium\jdk-21.0.1.12-hotspot\bin;C:\WINDOWS\SYSTEM32;C:\WINDOWS\WinSxS\amd64_microsoft.windows.common-controls_6595b64144ccf1df_6.0.22621.2506_none_270c5ae97388e100;C:\Program Files\Eclipse Adoptium\jdk-21.0.1.12-hotspot\bin\server;C:\Users\Pankaj Bind\.gradle\native\68d5fa5c4cc2d200863cafc0d521ce42e7d3e7ee720ec0a83991735586a16f82\windows-amd64;C:\Users\Pankaj Bind\.gradle\native\e376f236ea51e6404a007f0833ffe2c6e607c4080706a723a18a27aeea778392\windows-amd64

VM Arguments:
jvm_args: --add-opens=java.base/java.util=ALL-UNNAMED --add-opens=java.base/java.lang=ALL-UNNAMED --add-opens=java.base/java.lang.invoke=ALL-UNNAMED --add-opens=java.prefs/java.util.prefs=ALL-UNNAMED --add-opens=java.base/java.nio.charset=ALL-UNNAMED --add-opens=java.base/java.net=ALL-UNNAMED --add-opens=java.base/java.util.concurrent.atomic=ALL-UNNAMED -Xmx2048m -Dfile.encoding=UTF-8 -Duser.country=IN -Duser.language=en -Duser.variant -javaagent:C:\Users\Pankaj Bind\.gradle\wrapper\dists\gradle-8.2-bin\bbg7u40eoinfdyxsxr3z4i7ta\gradle-8.2\lib\agents\gradle-instrumentation-agent-8.2.jar 
java_command: org.gradle.launcher.daemon.bootstrap.GradleDaemon 8.2
java_class_path (initial): C:\Users\Pankaj Bind\.gradle\wrapper\dists\gradle-8.2-bin\bbg7u40eoinfdyxsxr3z4i7ta\gradle-8.2\lib\gradle-launcher-8.2.jar
Launcher Type: SUN_STANDARD

[Global flags]
     intx CICompilerCount                          = 4                                         {product} {ergonomic}
     uint ConcGCThreads                            = 3                                         {product} {ergonomic}
     uint G1ConcRefinementThreads                  = 10                                        {product} {ergonomic}
   size_t G1HeapRegionSize                         = 1048576                                   {product} {ergonomic}
    uintx GCDrainStackTargetSize                   = 64                                        {product} {ergonomic}
   size_t InitialHeapSize                          = 125829120                                 {product} {ergonomic}
   size_t MarkStackSize                            = 4194304                                   {product} {ergonomic}
   size_t MaxHeapSize                              = 2147483648                                {product} {command line}
   size_t MaxNewSize                               = 1287651328                                {product} {ergonomic}
   size_t MinHeapDeltaBytes                        = 1048576                                   {product} {ergonomic}
   size_t MinHeapSize                              = 8388608                                   {product} {ergonomic}
    uintx NonNMethodCodeHeapSize                   = 5839372                                {pd product} {ergonomic}
    uintx NonProfiledCodeHeapSize                  = 122909434                              {pd product} {ergonomic}
    uintx ProfiledCodeHeapSize                     = 122909434                              {pd product} {ergonomic}
    uintx ReservedCodeCacheSize                    = 251658240                              {pd product} {ergonomic}
     bool SegmentedCodeCache                       = true                                      {product} {ergonomic}
   size_t SoftMaxHeapSize                          = 2147483648                             {manageable} {ergonomic}
     bool UseCompressedOops                        = true                           {product lp64_product} {ergonomic}
     bool UseG1GC                                  = true                                      {product} {ergonomic}
     bool UseLargePagesIndividualAllocation        = false                                  {pd product} {ergonomic}

Logging:
Log output configuration:
 #0: stdout all=warning uptime,level,tags foldmultilines=false
 #1: stderr all=off uptime,level,tags foldmultilines=false

Environment Variables:
PATH=C:\Program Files\Eclipse Adoptium\jdk-21.0.1.12-hotspot\bin;C:\Program Files\Java\jdk-21\bin;C:\Program Files\Common Files\Oracle\Java\javapath;C:\WINDOWS\system32;C:\WINDOWS;C:\WINDOWS\System32\Wbem;C:\WINDOWS\System32\WindowsPowerShell\v1.0\;C:\WINDOWS\System32\OpenSSH\;C:\Program Files\Git\cmd;D:\apache-tomcat-10.1.13-windows-x64\apache-tomcat-10.1.13\bin;C:\Program Files\Java\jdk-21\bin;C:\Program Files\nodejs\;C:\Program Files\MySQL\MySQL Shell 8.0\bin\;C:\Users\Pankaj Bind\AppData\Local\Programs\Python\Launcher\;C:\Users\Pankaj Bind\AppData\Local\Microsoft\WindowsApps;;C:\Users\Pankaj Bind\AppData\Local\Programs\Microsoft VS Code\bin;C:\Users\Pankaj Bind\AppData\Roaming\npm
USERNAME=Pankaj Bind
OS=Windows_NT
PROCESSOR_IDENTIFIER=AMD64 Family 23 Model 96 Stepping 1, AuthenticAMD
TMP=C:\Users\PANKAJ~1\AppData\Local\Temp
TEMP=C:\Users\PANKAJ~1\AppData\Local\Temp




Periodic native trim disabled

---------------  S Y S T E M  ---------------

OS:
 Windows 11 , 64 bit Build 22621 (10.0.22621.2506)
OS uptime: 19 days 6:06 hours
Hyper-V role detected

CPU: total 12 (initial active 12) (12 cores per cpu, 2 threads per core) family 23 model 96 stepping 1 microcode 0x0, cx8, cmov, fxsr, ht, mmx, 3dnowpref, sse, sse2, sse3, ssse3, sse4a, sse4.1, sse4.2, popcnt, lzcnt, tsc, tscinvbit, avx, avx2, aes, clmul, bmi1, bmi2, adx, sha, fma, vzeroupper, clflush, clflushopt, hv, rdtscp, rdpid, f16c
Processor Information for all 12 processors :
  Max Mhz: 3001, Current Mhz: 3001, Mhz Limit: 3001

Memory: 4k page, system-wide physical 7597M (275M free)
TotalPageFile size 17560M (AvailPageFile size 32M)
current process WorkingSet (physical memory assigned to process): 523M, peak: 616M
current process commit charge ("private bytes"): 687M, peak: 753M

vm_info: OpenJDK 64-Bit Server VM (21.0.1+12-LTS) for windows-amd64 JRE (21.0.1+12-LTS), built on 2023-10-17T00:00:00Z by "admin" with unknown MS VC++:1937

END.
